{"/Users/caesterlein/Projects/ogc-maps/storybook-components/packages/map-ui-lib/src/utils/boxDraw.ts": {"path":"/Users/caesterlein/Projects/ogc-maps/storybook-components/packages/map-ui-lib/src/utils/boxDraw.ts","all":true,"statementMap":{"1":{"start":{"line":2,"column":0},"end":{"line":2,"column":32}},"2":{"start":{"line":3,"column":0},"end":{"line":3,"column":28}},"3":{"start":{"line":4,"column":0},"end":{"line":4,"column":28}},"4":{"start":{"line":5,"column":0},"end":{"line":5,"column":20}},"5":{"start":{"line":6,"column":0},"end":{"line":6,"column":31}},"6":{"start":{"line":7,"column":0},"end":{"line":7,"column":31}},"7":{"start":{"line":8,"column":0},"end":{"line":8,"column":10}},"8":{"start":{"line":9,"column":0},"end":{"line":9,"column":20}},"9":{"start":{"line":10,"column":0},"end":{"line":10,"column":19}},"10":{"start":{"line":11,"column":0},"end":{"line":11,"column":19}},"11":{"start":{"line":12,"column":0},"end":{"line":12,"column":19}},"12":{"start":{"line":13,"column":0},"end":{"line":13,"column":19}},"13":{"start":{"line":14,"column":0},"end":{"line":14,"column":19}},"14":{"start":{"line":15,"column":0},"end":{"line":15,"column":19}},"15":{"start":{"line":16,"column":0},"end":{"line":16,"column":7}},"16":{"start":{"line":17,"column":0},"end":{"line":17,"column":4}},"17":{"start":{"line":18,"column":0},"end":{"line":18,"column":1}},"20":{"start":{"line":21,"column":0},"end":{"line":21,"column":33}},"21":{"start":{"line":22,"column":0},"end":{"line":22,"column":28}},"22":{"start":{"line":23,"column":0},"end":{"line":23,"column":28}},"23":{"start":{"line":24,"column":0},"end":{"line":24,"column":20}},"24":{"start":{"line":25,"column":0},"end":{"line":25,"column":10}},"25":{"start":{"line":26,"column":0},"end":{"line":26,"column":20}},"26":{"start":{"line":27,"column":0},"end":{"line":27,"column":19}},"27":{"start":{"line":28,"column":0},"end":{"line":28,"column":48}},"28":{"start":{"line":29,"column":0},"end":{"line":29,"column":4}},"29":{"start":{"line":30,"column":0},"end":{"line":30,"column":1}}},"s":{"1":0,"2":0,"3":0,"4":0,"5":0,"6":0,"7":0,"8":0,"9":0,"10":0,"11":0,"12":0,"13":0,"14":0,"15":0,"16":0,"17":0,"20":0,"21":0,"22":0,"23":0,"24":0,"25":0,"26":0,"27":0,"28":0,"29":0},"branchMap":{"0":{"type":"branch","line":1,"loc":{"start":{"line":1,"column":697},"end":{"line":30,"column":1}},"locations":[{"start":{"line":1,"column":697},"end":{"line":30,"column":1}}]}},"b":{"0":[1]},"fnMap":{"0":{"name":"(empty-report)","decl":{"start":{"line":1,"column":697},"end":{"line":30,"column":1}},"loc":{"start":{"line":1,"column":697},"end":{"line":30,"column":1}},"line":1}},"f":{"0":1}}
,"/Users/caesterlein/Projects/ogc-maps/storybook-components/packages/map-ui-lib/src/utils/colorPalettes.ts": {"path":"/Users/caesterlein/Projects/ogc-maps/storybook-components/packages/map-ui-lib/src/utils/colorPalettes.ts","all":true,"statementMap":{"4":{"start":{"line":5,"column":0},"end":{"line":5,"column":39}},"5":{"start":{"line":6,"column":0},"end":{"line":6,"column":12}},"6":{"start":{"line":7,"column":0},"end":{"line":7,"column":12}},"7":{"start":{"line":8,"column":0},"end":{"line":8,"column":12}},"8":{"start":{"line":9,"column":0},"end":{"line":9,"column":12}},"9":{"start":{"line":10,"column":0},"end":{"line":10,"column":12}},"10":{"start":{"line":11,"column":0},"end":{"line":11,"column":12}},"11":{"start":{"line":12,"column":0},"end":{"line":12,"column":12}},"12":{"start":{"line":13,"column":0},"end":{"line":13,"column":12}},"13":{"start":{"line":14,"column":0},"end":{"line":14,"column":12}},"14":{"start":{"line":15,"column":0},"end":{"line":15,"column":12}},"15":{"start":{"line":16,"column":0},"end":{"line":16,"column":2}},"20":{"start":{"line":21,"column":0},"end":{"line":21,"column":60}},"21":{"start":{"line":22,"column":0},"end":{"line":22,"column":65}},"22":{"start":{"line":23,"column":0},"end":{"line":23,"column":1}}},"s":{"4":0,"5":0,"6":0,"7":0,"8":0,"9":0,"10":0,"11":0,"12":0,"13":0,"14":0,"15":0,"20":0,"21":0,"22":0},"branchMap":{"0":{"type":"branch","line":1,"loc":{"start":{"line":1,"column":571},"end":{"line":23,"column":1}},"locations":[{"start":{"line":1,"column":571},"end":{"line":23,"column":1}}]}},"b":{"0":[1]},"fnMap":{"0":{"name":"(empty-report)","decl":{"start":{"line":1,"column":571},"end":{"line":23,"column":1}},"loc":{"start":{"line":1,"column":571},"end":{"line":23,"column":1}},"line":1}},"f":{"0":1}}
,"/Users/caesterlein/Projects/ogc-maps/storybook-components/packages/map-ui-lib/src/utils/cql2.ts": {"path":"/Users/caesterlein/Projects/ogc-maps/storybook-components/packages/map-ui-lib/src/utils/cql2.ts","all":false,"statementMap":{"0":{"start":{"line":1,"column":0},"end":{"line":1,"column":3}},"51":{"start":{"line":52,"column":0},"end":{"line":52,"column":115}},"52":{"start":{"line":53,"column":0},"end":{"line":53,"column":50}},"53":{"start":{"line":54,"column":0},"end":{"line":54,"column":1}},"55":{"start":{"line":56,"column":0},"end":{"line":56,"column":89}},"56":{"start":{"line":57,"column":0},"end":{"line":57,"column":51}},"57":{"start":{"line":58,"column":0},"end":{"line":58,"column":1}},"59":{"start":{"line":60,"column":0},"end":{"line":60,"column":96}},"60":{"start":{"line":61,"column":0},"end":{"line":61,"column":50}},"61":{"start":{"line":62,"column":0},"end":{"line":62,"column":1}},"63":{"start":{"line":64,"column":0},"end":{"line":64,"column":97}},"64":{"start":{"line":65,"column":0},"end":{"line":65,"column":51}},"65":{"start":{"line":66,"column":0},"end":{"line":66,"column":1}},"67":{"start":{"line":68,"column":0},"end":{"line":68,"column":96}},"68":{"start":{"line":69,"column":0},"end":{"line":69,"column":50}},"69":{"start":{"line":70,"column":0},"end":{"line":70,"column":1}},"71":{"start":{"line":72,"column":0},"end":{"line":72,"column":97}},"72":{"start":{"line":73,"column":0},"end":{"line":73,"column":51}},"73":{"start":{"line":74,"column":0},"end":{"line":74,"column":1}},"75":{"start":{"line":76,"column":0},"end":{"line":76,"column":89}},"77":{"start":{"line":78,"column":0},"end":{"line":78,"column":75}},"78":{"start":{"line":79,"column":0},"end":{"line":79,"column":1}},"85":{"start":{"line":86,"column":0},"end":{"line":86,"column":73}},"86":{"start":{"line":87,"column":0},"end":{"line":87,"column":55}},"87":{"start":{"line":88,"column":0},"end":{"line":88,"column":1}},"90":{"start":{"line":91,"column":0},"end":{"line":91,"column":87}},"91":{"start":{"line":92,"column":0},"end":{"line":92,"column":52}},"92":{"start":{"line":93,"column":0},"end":{"line":93,"column":1}},"94":{"start":{"line":95,"column":0},"end":{"line":95,"column":58}},"95":{"start":{"line":96,"column":0},"end":{"line":96,"column":48}},"96":{"start":{"line":97,"column":0},"end":{"line":97,"column":1}},"106":{"start":{"line":107,"column":0},"end":{"line":107,"column":99}},"107":{"start":{"line":108,"column":0},"end":{"line":108,"column":74}},"108":{"start":{"line":109,"column":0},"end":{"line":109,"column":38}},"109":{"start":{"line":110,"column":0},"end":{"line":110,"column":42}},"110":{"start":{"line":111,"column":0},"end":{"line":111,"column":36}},"111":{"start":{"line":112,"column":0},"end":{"line":112,"column":1}},"117":{"start":{"line":118,"column":0},"end":{"line":118,"column":98}},"118":{"start":{"line":119,"column":0},"end":{"line":119,"column":74}},"119":{"start":{"line":120,"column":0},"end":{"line":120,"column":38}},"120":{"start":{"line":121,"column":0},"end":{"line":121,"column":42}},"121":{"start":{"line":122,"column":0},"end":{"line":122,"column":35}},"122":{"start":{"line":123,"column":0},"end":{"line":123,"column":1}},"124":{"start":{"line":125,"column":0},"end":{"line":125,"column":65}},"125":{"start":{"line":126,"column":0},"end":{"line":126,"column":43}},"126":{"start":{"line":127,"column":0},"end":{"line":127,"column":1}},"132":{"start":{"line":133,"column":0},"end":{"line":133,"column":101}},"133":{"start":{"line":134,"column":0},"end":{"line":134,"column":66}},"134":{"start":{"line":135,"column":0},"end":{"line":135,"column":1}},"136":{"start":{"line":137,"column":0},"end":{"line":137,"column":102}},"137":{"start":{"line":138,"column":0},"end":{"line":138,"column":67}},"138":{"start":{"line":139,"column":0},"end":{"line":139,"column":1}},"140":{"start":{"line":141,"column":0},"end":{"line":141,"column":24}},"141":{"start":{"line":142,"column":0},"end":{"line":142,"column":19}},"142":{"start":{"line":143,"column":0},"end":{"line":143,"column":34}},"143":{"start":{"line":144,"column":0},"end":{"line":144,"column":32}},"144":{"start":{"line":145,"column":0},"end":{"line":145,"column":19}},"145":{"start":{"line":146,"column":0},"end":{"line":146,"column":66}},"146":{"start":{"line":147,"column":0},"end":{"line":147,"column":58}},"147":{"start":{"line":148,"column":0},"end":{"line":148,"column":84}},"148":{"start":{"line":149,"column":0},"end":{"line":149,"column":1}},"161":{"start":{"line":162,"column":0},"end":{"line":162,"column":87}},"162":{"start":{"line":163,"column":0},"end":{"line":163,"column":64}},"163":{"start":{"line":164,"column":0},"end":{"line":164,"column":1}},"166":{"start":{"line":167,"column":0},"end":{"line":167,"column":83}},"167":{"start":{"line":168,"column":0},"end":{"line":168,"column":60}},"168":{"start":{"line":169,"column":0},"end":{"line":169,"column":1}},"174":{"start":{"line":175,"column":0},"end":{"line":175,"column":120}},"175":{"start":{"line":176,"column":0},"end":{"line":176,"column":18}},"176":{"start":{"line":177,"column":0},"end":{"line":177,"column":78}},"177":{"start":{"line":178,"column":0},"end":{"line":178,"column":71}},"178":{"start":{"line":179,"column":0},"end":{"line":179,"column":75}},"179":{"start":{"line":180,"column":0},"end":{"line":180,"column":65}},"180":{"start":{"line":181,"column":0},"end":{"line":181,"column":72}},"181":{"start":{"line":182,"column":0},"end":{"line":182,"column":3}},"182":{"start":{"line":183,"column":0},"end":{"line":183,"column":1}},"189":{"start":{"line":190,"column":0},"end":{"line":190,"column":128}},"191":{"start":{"line":192,"column":0},"end":{"line":192,"column":71}},"192":{"start":{"line":193,"column":0},"end":{"line":193,"column":18}},"193":{"start":{"line":194,"column":0},"end":{"line":194,"column":91}},"194":{"start":{"line":195,"column":0},"end":{"line":195,"column":19}},"195":{"start":{"line":196,"column":0},"end":{"line":196,"column":70}},"196":{"start":{"line":197,"column":0},"end":{"line":197,"column":5}},"197":{"start":{"line":198,"column":0},"end":{"line":198,"column":3}},"199":{"start":{"line":200,"column":0},"end":{"line":200,"column":41}},"200":{"start":{"line":201,"column":0},"end":{"line":201,"column":1}},"211":{"start":{"line":212,"column":0},"end":{"line":212,"column":34}},"212":{"start":{"line":213,"column":0},"end":{"line":213,"column":43}},"213":{"start":{"line":214,"column":0},"end":{"line":214,"column":26}},"214":{"start":{"line":215,"column":0},"end":{"line":215,"column":45}},"215":{"start":{"line":216,"column":0},"end":{"line":216,"column":63}},"216":{"start":{"line":217,"column":0},"end":{"line":217,"column":53}},"218":{"start":{"line":219,"column":0},"end":{"line":219,"column":29}},"219":{"start":{"line":220,"column":0},"end":{"line":220,"column":1}},"226":{"start":{"line":227,"column":0},"end":{"line":227,"column":38}},"227":{"start":{"line":228,"column":0},"end":{"line":228,"column":64}},"228":{"start":{"line":229,"column":0},"end":{"line":229,"column":43}},"229":{"start":{"line":230,"column":0},"end":{"line":230,"column":26}},"230":{"start":{"line":231,"column":0},"end":{"line":231,"column":63}},"232":{"start":{"line":233,"column":0},"end":{"line":233,"column":74}},"233":{"start":{"line":234,"column":0},"end":{"line":234,"column":41}},"235":{"start":{"line":236,"column":0},"end":{"line":236,"column":41}},"238":{"start":{"line":239,"column":0},"end":{"line":239,"column":36}},"239":{"start":{"line":240,"column":0},"end":{"line":240,"column":36}},"240":{"start":{"line":241,"column":0},"end":{"line":241,"column":80}},"241":{"start":{"line":242,"column":0},"end":{"line":242,"column":33}},"242":{"start":{"line":243,"column":0},"end":{"line":243,"column":5}},"245":{"start":{"line":246,"column":0},"end":{"line":246,"column":36}},"246":{"start":{"line":247,"column":0},"end":{"line":247,"column":33}},"247":{"start":{"line":248,"column":0},"end":{"line":248,"column":5}},"250":{"start":{"line":251,"column":0},"end":{"line":251,"column":36}},"252":{"start":{"line":253,"column":0},"end":{"line":253,"column":47}},"253":{"start":{"line":254,"column":0},"end":{"line":254,"column":71}},"254":{"start":{"line":255,"column":0},"end":{"line":255,"column":93}},"255":{"start":{"line":256,"column":0},"end":{"line":256,"column":65}},"256":{"start":{"line":257,"column":0},"end":{"line":257,"column":62}},"257":{"start":{"line":258,"column":0},"end":{"line":258,"column":20}},"258":{"start":{"line":259,"column":0},"end":{"line":259,"column":7}},"261":{"start":{"line":262,"column":0},"end":{"line":262,"column":52}},"262":{"start":{"line":263,"column":0},"end":{"line":263,"column":84}},"263":{"start":{"line":264,"column":0},"end":{"line":264,"column":75}},"264":{"start":{"line":265,"column":0},"end":{"line":265,"column":27}},"265":{"start":{"line":266,"column":0},"end":{"line":266,"column":45}},"266":{"start":{"line":267,"column":0},"end":{"line":267,"column":45}},"267":{"start":{"line":268,"column":0},"end":{"line":268,"column":46}},"268":{"start":{"line":269,"column":0},"end":{"line":269,"column":46}},"269":{"start":{"line":270,"column":0},"end":{"line":270,"column":45}},"270":{"start":{"line":271,"column":0},"end":{"line":271,"column":9}},"271":{"start":{"line":272,"column":0},"end":{"line":272,"column":7}},"274":{"start":{"line":275,"column":0},"end":{"line":275,"column":45}},"275":{"start":{"line":276,"column":0},"end":{"line":276,"column":67}},"276":{"start":{"line":277,"column":0},"end":{"line":277,"column":64}},"277":{"start":{"line":278,"column":0},"end":{"line":278,"column":43}},"278":{"start":{"line":279,"column":0},"end":{"line":279,"column":7}},"279":{"start":{"line":280,"column":0},"end":{"line":280,"column":5}},"281":{"start":{"line":282,"column":0},"end":{"line":282,"column":16}},"282":{"start":{"line":283,"column":0},"end":{"line":283,"column":5}},"284":{"start":{"line":285,"column":0},"end":{"line":285,"column":29}},"285":{"start":{"line":286,"column":0},"end":{"line":286,"column":1}},"288":{"start":{"line":289,"column":0},"end":{"line":289,"column":61}},"289":{"start":{"line":290,"column":0},"end":{"line":290,"column":30}},"290":{"start":{"line":291,"column":0},"end":{"line":291,"column":1}},"304":{"start":{"line":305,"column":0},"end":{"line":305,"column":28}},"305":{"start":{"line":306,"column":0},"end":{"line":306,"column":115}},"306":{"start":{"line":307,"column":0},"end":{"line":307,"column":35}},"307":{"start":{"line":308,"column":0},"end":{"line":308,"column":11}},"308":{"start":{"line":309,"column":0},"end":{"line":309,"column":36}},"309":{"start":{"line":310,"column":0},"end":{"line":310,"column":68}},"310":{"start":{"line":311,"column":0},"end":{"line":311,"column":3}},"311":{"start":{"line":312,"column":0},"end":{"line":312,"column":22}},"312":{"start":{"line":313,"column":0},"end":{"line":313,"column":1}},"319":{"start":{"line":320,"column":0},"end":{"line":320,"column":36}},"320":{"start":{"line":321,"column":0},"end":{"line":321,"column":27}},"321":{"start":{"line":322,"column":0},"end":{"line":322,"column":35}},"322":{"start":{"line":323,"column":0},"end":{"line":323,"column":13}},"323":{"start":{"line":324,"column":0},"end":{"line":324,"column":11}},"324":{"start":{"line":325,"column":0},"end":{"line":325,"column":33}},"325":{"start":{"line":326,"column":0},"end":{"line":326,"column":58}},"326":{"start":{"line":327,"column":0},"end":{"line":327,"column":51}},"327":{"start":{"line":328,"column":0},"end":{"line":328,"column":32}},"328":{"start":{"line":329,"column":0},"end":{"line":329,"column":23}},"329":{"start":{"line":330,"column":0},"end":{"line":330,"column":75}},"330":{"start":{"line":331,"column":0},"end":{"line":331,"column":77}},"331":{"start":{"line":332,"column":0},"end":{"line":332,"column":83}},"332":{"start":{"line":333,"column":0},"end":{"line":333,"column":3}},"333":{"start":{"line":334,"column":0},"end":{"line":334,"column":30}},"334":{"start":{"line":335,"column":0},"end":{"line":335,"column":1}},"336":{"start":{"line":337,"column":0},"end":{"line":337,"column":29}},"337":{"start":{"line":338,"column":0},"end":{"line":338,"column":137}},"338":{"start":{"line":339,"column":0},"end":{"line":339,"column":35}},"339":{"start":{"line":340,"column":0},"end":{"line":340,"column":13}},"340":{"start":{"line":341,"column":0},"end":{"line":341,"column":11}},"341":{"start":{"line":342,"column":0},"end":{"line":342,"column":41}},"342":{"start":{"line":343,"column":0},"end":{"line":343,"column":54}},"343":{"start":{"line":344,"column":0},"end":{"line":344,"column":3}},"344":{"start":{"line":345,"column":0},"end":{"line":345,"column":38}},"345":{"start":{"line":346,"column":0},"end":{"line":346,"column":65}},"346":{"start":{"line":347,"column":0},"end":{"line":347,"column":58}},"347":{"start":{"line":348,"column":0},"end":{"line":348,"column":3}},"348":{"start":{"line":349,"column":0},"end":{"line":349,"column":24}},"349":{"start":{"line":350,"column":0},"end":{"line":350,"column":1}},"351":{"start":{"line":352,"column":0},"end":{"line":352,"column":22}},"352":{"start":{"line":353,"column":0},"end":{"line":353,"column":25}},"353":{"start":{"line":354,"column":0},"end":{"line":354,"column":35}},"354":{"start":{"line":355,"column":0},"end":{"line":355,"column":12}},"355":{"start":{"line":356,"column":0},"end":{"line":356,"column":35}},"356":{"start":{"line":357,"column":0},"end":{"line":357,"column":59}},"357":{"start":{"line":358,"column":0},"end":{"line":358,"column":43}},"358":{"start":{"line":359,"column":0},"end":{"line":359,"column":3}},"359":{"start":{"line":360,"column":0},"end":{"line":360,"column":38}},"360":{"start":{"line":361,"column":0},"end":{"line":361,"column":46}},"361":{"start":{"line":362,"column":0},"end":{"line":362,"column":3}},"362":{"start":{"line":363,"column":0},"end":{"line":363,"column":32}},"363":{"start":{"line":364,"column":0},"end":{"line":364,"column":23}},"364":{"start":{"line":365,"column":0},"end":{"line":365,"column":3}},"366":{"start":{"line":367,"column":0},"end":{"line":367,"column":14}},"367":{"start":{"line":368,"column":0},"end":{"line":368,"column":1}},"369":{"start":{"line":370,"column":0},"end":{"line":370,"column":96}},"370":{"start":{"line":371,"column":0},"end":{"line":371,"column":30}},"371":{"start":{"line":372,"column":0},"end":{"line":372,"column":1}},"373":{"start":{"line":374,"column":0},"end":{"line":374,"column":32}},"374":{"start":{"line":375,"column":0},"end":{"line":375,"column":33}},"375":{"start":{"line":376,"column":0},"end":{"line":376,"column":35}},"376":{"start":{"line":377,"column":0},"end":{"line":377,"column":11}},"377":{"start":{"line":378,"column":0},"end":{"line":378,"column":35}},"378":{"start":{"line":379,"column":0},"end":{"line":379,"column":68}},"380":{"start":{"line":381,"column":0},"end":{"line":381,"column":86}},"381":{"start":{"line":382,"column":0},"end":{"line":382,"column":1}},"383":{"start":{"line":384,"column":0},"end":{"line":384,"column":26}},"384":{"start":{"line":385,"column":0},"end":{"line":385,"column":19}},"385":{"start":{"line":386,"column":0},"end":{"line":386,"column":35}},"386":{"start":{"line":387,"column":0},"end":{"line":387,"column":42}},"387":{"start":{"line":388,"column":0},"end":{"line":388,"column":26}},"388":{"start":{"line":389,"column":0},"end":{"line":389,"column":47}},"390":{"start":{"line":391,"column":0},"end":{"line":391,"column":21}},"391":{"start":{"line":392,"column":0},"end":{"line":392,"column":103}},"392":{"start":{"line":393,"column":0},"end":{"line":393,"column":104}},"393":{"start":{"line":394,"column":0},"end":{"line":394,"column":84}},"394":{"start":{"line":395,"column":0},"end":{"line":395,"column":85}},"395":{"start":{"line":396,"column":0},"end":{"line":396,"column":84}},"396":{"start":{"line":397,"column":0},"end":{"line":397,"column":85}},"397":{"start":{"line":398,"column":0},"end":{"line":398,"column":93}},"398":{"start":{"line":399,"column":0},"end":{"line":399,"column":101}},"399":{"start":{"line":400,"column":0},"end":{"line":400,"column":44}},"400":{"start":{"line":401,"column":0},"end":{"line":401,"column":21}},"402":{"start":{"line":403,"column":0},"end":{"line":403,"column":48}},"403":{"start":{"line":404,"column":0},"end":{"line":404,"column":69}},"404":{"start":{"line":405,"column":0},"end":{"line":405,"column":78}},"405":{"start":{"line":406,"column":0},"end":{"line":406,"column":41}},"406":{"start":{"line":407,"column":0},"end":{"line":407,"column":53}},"407":{"start":{"line":408,"column":0},"end":{"line":408,"column":47}},"408":{"start":{"line":409,"column":0},"end":{"line":409,"column":47}},"409":{"start":{"line":410,"column":0},"end":{"line":410,"column":16}},"410":{"start":{"line":411,"column":0},"end":{"line":411,"column":35}},"411":{"start":{"line":412,"column":0},"end":{"line":412,"column":35}},"412":{"start":{"line":413,"column":0},"end":{"line":413,"column":9}},"413":{"start":{"line":414,"column":0},"end":{"line":414,"column":47}},"414":{"start":{"line":415,"column":0},"end":{"line":415,"column":7}},"415":{"start":{"line":416,"column":0},"end":{"line":416,"column":85}},"416":{"start":{"line":417,"column":0},"end":{"line":417,"column":49}},"417":{"start":{"line":418,"column":0},"end":{"line":418,"column":5}},"418":{"start":{"line":419,"column":0},"end":{"line":419,"column":21}},"419":{"start":{"line":420,"column":0},"end":{"line":420,"column":60}},"420":{"start":{"line":421,"column":0},"end":{"line":421,"column":49}},"421":{"start":{"line":422,"column":0},"end":{"line":422,"column":5}},"422":{"start":{"line":423,"column":0},"end":{"line":423,"column":22}},"423":{"start":{"line":424,"column":0},"end":{"line":424,"column":60}},"424":{"start":{"line":425,"column":0},"end":{"line":425,"column":50}},"425":{"start":{"line":426,"column":0},"end":{"line":426,"column":5}},"426":{"start":{"line":427,"column":0},"end":{"line":427,"column":22}},"428":{"start":{"line":429,"column":0},"end":{"line":429,"column":44}},"429":{"start":{"line":430,"column":0},"end":{"line":430,"column":70}},"430":{"start":{"line":431,"column":0},"end":{"line":431,"column":66}},"431":{"start":{"line":432,"column":0},"end":{"line":432,"column":79}},"432":{"start":{"line":433,"column":0},"end":{"line":433,"column":7}},"433":{"start":{"line":434,"column":0},"end":{"line":434,"column":83}},"434":{"start":{"line":435,"column":0},"end":{"line":435,"column":77}},"435":{"start":{"line":436,"column":0},"end":{"line":436,"column":5}},"436":{"start":{"line":437,"column":0},"end":{"line":437,"column":26}},"437":{"start":{"line":438,"column":0},"end":{"line":438,"column":42}},"438":{"start":{"line":439,"column":0},"end":{"line":439,"column":54}},"439":{"start":{"line":440,"column":0},"end":{"line":440,"column":5}},"440":{"start":{"line":441,"column":0},"end":{"line":441,"column":22}},"441":{"start":{"line":442,"column":0},"end":{"line":442,"column":42}},"442":{"start":{"line":443,"column":0},"end":{"line":443,"column":50}},"443":{"start":{"line":444,"column":0},"end":{"line":444,"column":5}},"444":{"start":{"line":445,"column":0},"end":{"line":445,"column":23}},"445":{"start":{"line":446,"column":0},"end":{"line":446,"column":42}},"446":{"start":{"line":447,"column":0},"end":{"line":447,"column":59}},"447":{"start":{"line":448,"column":0},"end":{"line":448,"column":85}},"448":{"start":{"line":449,"column":0},"end":{"line":449,"column":5}},"449":{"start":{"line":450,"column":0},"end":{"line":450,"column":12}},"450":{"start":{"line":451,"column":0},"end":{"line":451,"column":18}},"451":{"start":{"line":452,"column":0},"end":{"line":452,"column":3}},"452":{"start":{"line":453,"column":0},"end":{"line":453,"column":1}},"462":{"start":{"line":463,"column":0},"end":{"line":463,"column":36}},"463":{"start":{"line":464,"column":0},"end":{"line":464,"column":25}},"464":{"start":{"line":465,"column":0},"end":{"line":465,"column":35}},"465":{"start":{"line":466,"column":0},"end":{"line":466,"column":42}},"466":{"start":{"line":467,"column":0},"end":{"line":467,"column":26}},"467":{"start":{"line":468,"column":0},"end":{"line":468,"column":49}},"468":{"start":{"line":469,"column":0},"end":{"line":469,"column":34}},"469":{"start":{"line":470,"column":0},"end":{"line":470,"column":66}},"470":{"start":{"line":471,"column":0},"end":{"line":471,"column":5}},"471":{"start":{"line":472,"column":0},"end":{"line":472,"column":61}},"472":{"start":{"line":473,"column":0},"end":{"line":473,"column":5}},"474":{"start":{"line":475,"column":0},"end":{"line":475,"column":79}},"475":{"start":{"line":476,"column":0},"end":{"line":476,"column":1}},"481":{"start":{"line":482,"column":0},"end":{"line":482,"column":31}},"482":{"start":{"line":483,"column":0},"end":{"line":483,"column":25}},"483":{"start":{"line":484,"column":0},"end":{"line":484,"column":35}},"484":{"start":{"line":485,"column":0},"end":{"line":485,"column":42}},"485":{"start":{"line":486,"column":0},"end":{"line":486,"column":19}},"486":{"start":{"line":487,"column":0},"end":{"line":487,"column":69}},"489":{"start":{"line":490,"column":0},"end":{"line":490,"column":53}},"490":{"start":{"line":491,"column":0},"end":{"line":491,"column":92}},"491":{"start":{"line":492,"column":0},"end":{"line":492,"column":32}},"492":{"start":{"line":493,"column":0},"end":{"line":493,"column":23}},"493":{"start":{"line":494,"column":0},"end":{"line":494,"column":22}},"494":{"start":{"line":495,"column":0},"end":{"line":495,"column":63}},"495":{"start":{"line":496,"column":0},"end":{"line":496,"column":14}},"496":{"start":{"line":497,"column":0},"end":{"line":497,"column":23}},"497":{"start":{"line":498,"column":0},"end":{"line":498,"column":106}},"498":{"start":{"line":499,"column":0},"end":{"line":499,"column":14}},"499":{"start":{"line":500,"column":0},"end":{"line":500,"column":30}},"500":{"start":{"line":501,"column":0},"end":{"line":501,"column":67}},"501":{"start":{"line":502,"column":0},"end":{"line":502,"column":5}},"502":{"start":{"line":503,"column":0},"end":{"line":503,"column":54}},"503":{"start":{"line":504,"column":0},"end":{"line":504,"column":3}},"505":{"start":{"line":506,"column":0},"end":{"line":506,"column":62}},"506":{"start":{"line":507,"column":0},"end":{"line":507,"column":1}}},"s":{"0":1,"51":1,"52":46,"53":46,"55":1,"56":2,"57":2,"59":1,"60":8,"61":8,"63":1,"64":16,"65":16,"67":1,"68":2,"69":2,"71":1,"72":17,"73":17,"75":1,"77":14,"78":14,"85":1,"86":7,"87":7,"90":1,"91":3,"92":3,"94":1,"95":3,"96":3,"106":1,"107":64,"108":64,"109":64,"110":13,"111":13,"117":1,"118":10,"119":10,"120":10,"121":8,"122":8,"124":1,"125":1,"126":1,"132":1,"133":5,"134":5,"136":1,"137":4,"138":4,"140":1,"141":9,"142":9,"143":9,"144":9,"145":9,"146":9,"147":9,"148":9,"161":1,"162":12,"163":12,"166":1,"167":0,"168":0,"174":10,"175":10,"176":10,"177":10,"178":10,"179":10,"180":10,"181":10,"182":10,"189":1,"191":10,"192":10,"193":8,"194":8,"195":8,"196":8,"197":8,"199":2,"200":2,"211":1,"212":4,"213":4,"214":4,"215":4,"216":4,"218":4,"219":4,"226":1,"227":11,"228":11,"229":11,"230":11,"232":11,"233":11,"235":10,"238":11,"239":2,"240":2,"241":1,"242":1,"245":11,"246":2,"247":2,"250":6,"252":6,"253":3,"254":3,"255":3,"256":1,"257":0,"258":0,"261":6,"262":2,"263":2,"264":2,"265":2,"266":2,"267":2,"268":2,"269":2,"270":2,"271":2,"274":6,"275":1,"276":1,"277":1,"278":1,"279":6,"281":0,"282":11,"284":11,"285":11,"288":1,"289":1,"290":1,"304":18,"305":18,"306":18,"307":18,"308":18,"309":4,"310":4,"311":14,"312":14,"319":1,"320":14,"321":14,"322":14,"323":14,"324":14,"325":14,"326":14,"327":14,"328":14,"329":14,"330":14,"331":14,"332":14,"333":14,"334":14,"336":8,"337":8,"338":8,"339":8,"340":8,"341":8,"342":6,"343":6,"344":2,"345":2,"346":2,"347":2,"348":0,"349":0,"351":31,"352":31,"353":31,"354":31,"355":31,"356":3,"357":3,"358":3,"359":31,"360":1,"361":1,"362":27,"363":27,"364":27,"366":0,"367":0,"369":1,"370":69,"371":69,"373":5,"374":5,"375":5,"376":5,"377":5,"378":5,"380":5,"381":5,"383":47,"384":47,"385":47,"386":47,"387":47,"388":47,"390":47,"391":47,"392":47,"393":47,"394":47,"395":47,"396":47,"397":47,"398":47,"399":47,"400":47,"402":6,"403":4,"404":4,"405":4,"406":4,"407":3,"408":3,"409":4,"410":1,"411":1,"412":1,"413":4,"414":4,"415":2,"416":2,"417":2,"418":47,"419":2,"420":2,"421":2,"422":47,"423":1,"424":1,"425":1,"426":47,"428":5,"429":4,"430":4,"431":4,"432":4,"433":1,"434":1,"435":1,"436":47,"437":2,"438":1,"439":1,"440":47,"441":0,"442":0,"443":0,"444":47,"445":5,"446":5,"447":5,"448":5,"449":47,"450":0,"451":47,"452":47,"462":1,"463":43,"464":43,"465":43,"466":43,"467":43,"468":51,"469":4,"470":4,"471":47,"472":43,"474":43,"475":43,"481":1,"482":3,"483":3,"484":3,"485":3,"486":3,"489":3,"490":0,"491":0,"492":0,"493":0,"494":0,"495":0,"496":0,"497":0,"498":0,"499":0,"500":0,"501":0,"502":0,"503":0,"505":3,"506":3},"branchMap":{"0":{"type":"branch","line":52,"loc":{"start":{"line":52,"column":7},"end":{"line":54,"column":1}},"locations":[{"start":{"line":52,"column":7},"end":{"line":54,"column":1}}]},"1":{"type":"branch","line":56,"loc":{"start":{"line":56,"column":7},"end":{"line":58,"column":1}},"locations":[{"start":{"line":56,"column":7},"end":{"line":58,"column":1}}]},"2":{"type":"branch","line":60,"loc":{"start":{"line":60,"column":7},"end":{"line":62,"column":1}},"locations":[{"start":{"line":60,"column":7},"end":{"line":62,"column":1}}]},"3":{"type":"branch","line":64,"loc":{"start":{"line":64,"column":7},"end":{"line":66,"column":1}},"locations":[{"start":{"line":64,"column":7},"end":{"line":66,"column":1}}]},"4":{"type":"branch","line":68,"loc":{"start":{"line":68,"column":7},"end":{"line":70,"column":1}},"locations":[{"start":{"line":68,"column":7},"end":{"line":70,"column":1}}]},"5":{"type":"branch","line":72,"loc":{"start":{"line":72,"column":7},"end":{"line":74,"column":1}},"locations":[{"start":{"line":72,"column":7},"end":{"line":74,"column":1}}]},"6":{"type":"branch","line":76,"loc":{"start":{"line":76,"column":7},"end":{"line":79,"column":1}},"locations":[{"start":{"line":76,"column":7},"end":{"line":79,"column":1}}]},"7":{"type":"branch","line":86,"loc":{"start":{"line":86,"column":7},"end":{"line":88,"column":1}},"locations":[{"start":{"line":86,"column":7},"end":{"line":88,"column":1}}]},"8":{"type":"branch","line":91,"loc":{"start":{"line":91,"column":7},"end":{"line":93,"column":1}},"locations":[{"start":{"line":91,"column":7},"end":{"line":93,"column":1}}]},"9":{"type":"branch","line":95,"loc":{"start":{"line":95,"column":7},"end":{"line":97,"column":1}},"locations":[{"start":{"line":95,"column":7},"end":{"line":97,"column":1}}]},"10":{"type":"branch","line":107,"loc":{"start":{"line":107,"column":7},"end":{"line":112,"column":1}},"locations":[{"start":{"line":107,"column":7},"end":{"line":112,"column":1}}]},"11":{"type":"branch","line":109,"loc":{"start":{"line":109,"column":26},"end":{"line":109,"column":38}},"locations":[{"start":{"line":109,"column":26},"end":{"line":109,"column":38}}]},"12":{"type":"branch","line":109,"loc":{"start":{"line":109,"column":33},"end":{"line":110,"column":33}},"locations":[{"start":{"line":109,"column":33},"end":{"line":110,"column":33}}]},"13":{"type":"branch","line":110,"loc":{"start":{"line":110,"column":26},"end":{"line":110,"column":42}},"locations":[{"start":{"line":110,"column":26},"end":{"line":110,"column":42}}]},"14":{"type":"branch","line":110,"loc":{"start":{"line":110,"column":40},"end":{"line":112,"column":1}},"locations":[{"start":{"line":110,"column":40},"end":{"line":112,"column":1}}]},"15":{"type":"branch","line":108,"loc":{"start":{"line":108,"column":35},"end":{"line":108,"column":72}},"locations":[{"start":{"line":108,"column":35},"end":{"line":108,"column":72}}]},"16":{"type":"branch","line":118,"loc":{"start":{"line":118,"column":7},"end":{"line":123,"column":1}},"locations":[{"start":{"line":118,"column":7},"end":{"line":123,"column":1}}]},"17":{"type":"branch","line":120,"loc":{"start":{"line":120,"column":26},"end":{"line":120,"column":38}},"locations":[{"start":{"line":120,"column":26},"end":{"line":120,"column":38}}]},"18":{"type":"branch","line":120,"loc":{"start":{"line":120,"column":33},"end":{"line":121,"column":33}},"locations":[{"start":{"line":120,"column":33},"end":{"line":121,"column":33}}]},"19":{"type":"branch","line":121,"loc":{"start":{"line":121,"column":26},"end":{"line":121,"column":42}},"locations":[{"start":{"line":121,"column":26},"end":{"line":121,"column":42}}]},"20":{"type":"branch","line":121,"loc":{"start":{"line":121,"column":40},"end":{"line":123,"column":1}},"locations":[{"start":{"line":121,"column":40},"end":{"line":123,"column":1}}]},"21":{"type":"branch","line":119,"loc":{"start":{"line":119,"column":35},"end":{"line":119,"column":72}},"locations":[{"start":{"line":119,"column":35},"end":{"line":119,"column":72}}]},"22":{"type":"branch","line":125,"loc":{"start":{"line":125,"column":7},"end":{"line":127,"column":1}},"locations":[{"start":{"line":125,"column":7},"end":{"line":127,"column":1}}]},"23":{"type":"branch","line":133,"loc":{"start":{"line":133,"column":7},"end":{"line":135,"column":1}},"locations":[{"start":{"line":133,"column":7},"end":{"line":135,"column":1}}]},"24":{"type":"branch","line":137,"loc":{"start":{"line":137,"column":7},"end":{"line":139,"column":1}},"locations":[{"start":{"line":137,"column":7},"end":{"line":139,"column":1}}]},"25":{"type":"branch","line":141,"loc":{"start":{"line":141,"column":7},"end":{"line":149,"column":1}},"locations":[{"start":{"line":141,"column":7},"end":{"line":149,"column":1}}]},"26":{"type":"branch","line":146,"loc":{"start":{"line":146,"column":29},"end":{"line":146,"column":50}},"locations":[{"start":{"line":146,"column":29},"end":{"line":146,"column":50}}]},"27":{"type":"branch","line":146,"loc":{"start":{"line":146,"column":43},"end":{"line":146,"column":66}},"locations":[{"start":{"line":146,"column":43},"end":{"line":146,"column":66}}]},"28":{"type":"branch","line":147,"loc":{"start":{"line":147,"column":27},"end":{"line":147,"column":44}},"locations":[{"start":{"line":147,"column":27},"end":{"line":147,"column":44}}]},"29":{"type":"branch","line":147,"loc":{"start":{"line":147,"column":37},"end":{"line":147,"column":58}},"locations":[{"start":{"line":147,"column":37},"end":{"line":147,"column":58}}]},"30":{"type":"branch","line":162,"loc":{"start":{"line":162,"column":7},"end":{"line":164,"column":1}},"locations":[{"start":{"line":162,"column":7},"end":{"line":164,"column":1}}]},"31":{"type":"branch","line":175,"loc":{"start":{"line":175,"column":0},"end":{"line":183,"column":1}},"locations":[{"start":{"line":175,"column":0},"end":{"line":183,"column":1}}]},"32":{"type":"branch","line":177,"loc":{"start":{"line":177,"column":4},"end":{"line":177,"column":78}},"locations":[{"start":{"line":177,"column":4},"end":{"line":177,"column":78}}]},"33":{"type":"branch","line":178,"loc":{"start":{"line":178,"column":4},"end":{"line":178,"column":71}},"locations":[{"start":{"line":178,"column":4},"end":{"line":178,"column":71}}]},"34":{"type":"branch","line":179,"loc":{"start":{"line":179,"column":4},"end":{"line":179,"column":75}},"locations":[{"start":{"line":179,"column":4},"end":{"line":179,"column":75}}]},"35":{"type":"branch","line":180,"loc":{"start":{"line":180,"column":4},"end":{"line":180,"column":65}},"locations":[{"start":{"line":180,"column":4},"end":{"line":180,"column":65}}]},"36":{"type":"branch","line":181,"loc":{"start":{"line":181,"column":4},"end":{"line":181,"column":72}},"locations":[{"start":{"line":181,"column":4},"end":{"line":181,"column":72}}]},"37":{"type":"branch","line":190,"loc":{"start":{"line":190,"column":7},"end":{"line":201,"column":1}},"locations":[{"start":{"line":190,"column":7},"end":{"line":201,"column":1}}]},"38":{"type":"branch","line":193,"loc":{"start":{"line":193,"column":17},"end":{"line":198,"column":3}},"locations":[{"start":{"line":193,"column":17},"end":{"line":198,"column":3}}]},"39":{"type":"branch","line":198,"loc":{"start":{"line":198,"column":2},"end":{"line":201,"column":1}},"locations":[{"start":{"line":198,"column":2},"end":{"line":201,"column":1}}]},"40":{"type":"branch","line":212,"loc":{"start":{"line":212,"column":7},"end":{"line":220,"column":1}},"locations":[{"start":{"line":212,"column":7},"end":{"line":220,"column":1}}]},"41":{"type":"branch","line":216,"loc":{"start":{"line":216,"column":12},"end":{"line":216,"column":62}},"locations":[{"start":{"line":216,"column":12},"end":{"line":216,"column":62}}]},"42":{"type":"branch","line":217,"loc":{"start":{"line":217,"column":9},"end":{"line":217,"column":51}},"locations":[{"start":{"line":217,"column":9},"end":{"line":217,"column":51}}]},"43":{"type":"branch","line":227,"loc":{"start":{"line":227,"column":7},"end":{"line":286,"column":1}},"locations":[{"start":{"line":227,"column":7},"end":{"line":286,"column":1}}]},"44":{"type":"branch","line":231,"loc":{"start":{"line":231,"column":38},"end":{"line":231,"column":60}},"locations":[{"start":{"line":231,"column":38},"end":{"line":231,"column":60}}]},"45":{"type":"branch","line":233,"loc":{"start":{"line":233,"column":50},"end":{"line":283,"column":3}},"locations":[{"start":{"line":233,"column":50},"end":{"line":283,"column":3}}]},"46":{"type":"branch","line":234,"loc":{"start":{"line":234,"column":29},"end":{"line":234,"column":41}},"locations":[{"start":{"line":234,"column":29},"end":{"line":234,"column":41}}]},"47":{"type":"branch","line":234,"loc":{"start":{"line":234,"column":36},"end":{"line":239,"column":35}},"locations":[{"start":{"line":234,"column":36},"end":{"line":239,"column":35}}]},"48":{"type":"branch","line":239,"loc":{"start":{"line":239,"column":35},"end":{"line":243,"column":5}},"locations":[{"start":{"line":239,"column":35},"end":{"line":243,"column":5}}]},"49":{"type":"branch","line":240,"loc":{"start":{"line":240,"column":24},"end":{"line":240,"column":36}},"locations":[{"start":{"line":240,"column":24},"end":{"line":240,"column":36}}]},"50":{"type":"branch","line":241,"loc":{"start":{"line":241,"column":38},"end":{"line":243,"column":5}},"locations":[{"start":{"line":241,"column":38},"end":{"line":243,"column":5}}]},"51":{"type":"branch","line":243,"loc":{"start":{"line":243,"column":4},"end":{"line":246,"column":35}},"locations":[{"start":{"line":243,"column":4},"end":{"line":246,"column":35}}]},"52":{"type":"branch","line":246,"loc":{"start":{"line":246,"column":35},"end":{"line":248,"column":5}},"locations":[{"start":{"line":246,"column":35},"end":{"line":248,"column":5}}]},"53":{"type":"branch","line":248,"loc":{"start":{"line":248,"column":4},"end":{"line":280,"column":5}},"locations":[{"start":{"line":248,"column":4},"end":{"line":280,"column":5}}]},"54":{"type":"branch","line":253,"loc":{"start":{"line":253,"column":21},"end":{"line":253,"column":46}},"locations":[{"start":{"line":253,"column":21},"end":{"line":253,"column":46}}]},"55":{"type":"branch","line":253,"loc":{"start":{"line":253,"column":46},"end":{"line":262,"column":30}},"locations":[{"start":{"line":253,"column":46},"end":{"line":262,"column":30}}]},"56":{"type":"branch","line":255,"loc":{"start":{"line":255,"column":12},"end":{"line":255,"column":26}},"locations":[{"start":{"line":255,"column":12},"end":{"line":255,"column":26}}]},"57":{"type":"branch","line":255,"loc":{"start":{"line":255,"column":26},"end":{"line":255,"column":93}},"locations":[{"start":{"line":255,"column":26},"end":{"line":255,"column":93}}]},"58":{"type":"branch","line":255,"loc":{"start":{"line":255,"column":91},"end":{"line":256,"column":26}},"locations":[{"start":{"line":255,"column":91},"end":{"line":256,"column":26}}]},"59":{"type":"branch","line":256,"loc":{"start":{"line":256,"column":19},"end":{"line":257,"column":62}},"locations":[{"start":{"line":256,"column":19},"end":{"line":257,"column":62}}]},"60":{"type":"branch","line":257,"loc":{"start":{"line":257,"column":60},"end":{"line":259,"column":7}},"locations":[{"start":{"line":257,"column":60},"end":{"line":259,"column":7}}]},"61":{"type":"branch","line":262,"loc":{"start":{"line":262,"column":21},"end":{"line":262,"column":51}},"locations":[{"start":{"line":262,"column":21},"end":{"line":262,"column":51}}]},"62":{"type":"branch","line":262,"loc":{"start":{"line":262,"column":51},"end":{"line":272,"column":7}},"locations":[{"start":{"line":262,"column":51},"end":{"line":272,"column":7}}]},"63":{"type":"branch","line":264,"loc":{"start":{"line":264,"column":63},"end":{"line":264,"column":75}},"locations":[{"start":{"line":264,"column":63},"end":{"line":264,"column":75}}]},"64":{"type":"branch","line":266,"loc":{"start":{"line":266,"column":10},"end":{"line":266,"column":45}},"locations":[{"start":{"line":266,"column":10},"end":{"line":266,"column":45}}]},"65":{"type":"branch","line":267,"loc":{"start":{"line":267,"column":10},"end":{"line":267,"column":45}},"locations":[{"start":{"line":267,"column":10},"end":{"line":267,"column":45}}]},"66":{"type":"branch","line":268,"loc":{"start":{"line":268,"column":10},"end":{"line":268,"column":46}},"locations":[{"start":{"line":268,"column":10},"end":{"line":268,"column":46}}]},"67":{"type":"branch","line":269,"loc":{"start":{"line":269,"column":10},"end":{"line":269,"column":46}},"locations":[{"start":{"line":269,"column":10},"end":{"line":269,"column":46}}]},"68":{"type":"branch","line":270,"loc":{"start":{"line":270,"column":10},"end":{"line":270,"column":45}},"locations":[{"start":{"line":270,"column":10},"end":{"line":270,"column":45}}]},"69":{"type":"branch","line":272,"loc":{"start":{"line":272,"column":6},"end":{"line":275,"column":44}},"locations":[{"start":{"line":272,"column":6},"end":{"line":275,"column":44}}]},"70":{"type":"branch","line":275,"loc":{"start":{"line":275,"column":44},"end":{"line":279,"column":7}},"locations":[{"start":{"line":275,"column":44},"end":{"line":279,"column":7}}]},"71":{"type":"branch","line":277,"loc":{"start":{"line":277,"column":52},"end":{"line":277,"column":64}},"locations":[{"start":{"line":277,"column":52},"end":{"line":277,"column":64}}]},"72":{"type":"branch","line":280,"loc":{"start":{"line":280,"column":4},"end":{"line":282,"column":16}},"locations":[{"start":{"line":280,"column":4},"end":{"line":282,"column":16}}]},"73":{"type":"branch","line":289,"loc":{"start":{"line":289,"column":7},"end":{"line":291,"column":1}},"locations":[{"start":{"line":289,"column":7},"end":{"line":291,"column":1}}]},"74":{"type":"branch","line":305,"loc":{"start":{"line":305,"column":0},"end":{"line":313,"column":1}},"locations":[{"start":{"line":305,"column":0},"end":{"line":313,"column":1}}]},"75":{"type":"branch","line":309,"loc":{"start":{"line":309,"column":35},"end":{"line":311,"column":3}},"locations":[{"start":{"line":309,"column":35},"end":{"line":311,"column":3}}]},"76":{"type":"branch","line":310,"loc":{"start":{"line":310,"column":12},"end":{"line":310,"column":48}},"locations":[{"start":{"line":310,"column":12},"end":{"line":310,"column":48}}]},"77":{"type":"branch","line":310,"loc":{"start":{"line":310,"column":32},"end":{"line":310,"column":66}},"locations":[{"start":{"line":310,"column":32},"end":{"line":310,"column":66}}]},"78":{"type":"branch","line":310,"loc":{"start":{"line":310,"column":55},"end":{"line":310,"column":68}},"locations":[{"start":{"line":310,"column":55},"end":{"line":310,"column":68}}]},"79":{"type":"branch","line":311,"loc":{"start":{"line":311,"column":2},"end":{"line":313,"column":1}},"locations":[{"start":{"line":311,"column":2},"end":{"line":313,"column":1}}]},"80":{"type":"branch","line":320,"loc":{"start":{"line":320,"column":7},"end":{"line":335,"column":1}},"locations":[{"start":{"line":320,"column":7},"end":{"line":335,"column":1}}]},"81":{"type":"branch","line":325,"loc":{"start":{"line":325,"column":15},"end":{"line":325,"column":33}},"locations":[{"start":{"line":325,"column":15},"end":{"line":325,"column":33}}]},"82":{"type":"branch","line":327,"loc":{"start":{"line":327,"column":35},"end":{"line":327,"column":49}},"locations":[{"start":{"line":327,"column":35},"end":{"line":327,"column":49}}]},"83":{"type":"branch","line":327,"loc":{"start":{"line":327,"column":44},"end":{"line":327,"column":51}},"locations":[{"start":{"line":327,"column":44},"end":{"line":327,"column":51}}]},"84":{"type":"branch","line":330,"loc":{"start":{"line":330,"column":4},"end":{"line":330,"column":75}},"locations":[{"start":{"line":330,"column":4},"end":{"line":330,"column":75}}]},"85":{"type":"branch","line":331,"loc":{"start":{"line":331,"column":4},"end":{"line":331,"column":77}},"locations":[{"start":{"line":331,"column":4},"end":{"line":331,"column":77}}]},"86":{"type":"branch","line":332,"loc":{"start":{"line":332,"column":4},"end":{"line":332,"column":83}},"locations":[{"start":{"line":332,"column":4},"end":{"line":332,"column":83}}]},"87":{"type":"branch","line":337,"loc":{"start":{"line":337,"column":0},"end":{"line":350,"column":1}},"locations":[{"start":{"line":337,"column":0},"end":{"line":350,"column":1}}]},"88":{"type":"branch","line":342,"loc":{"start":{"line":342,"column":40},"end":{"line":344,"column":3}},"locations":[{"start":{"line":342,"column":40},"end":{"line":344,"column":3}}]},"89":{"type":"branch","line":344,"loc":{"start":{"line":344,"column":2},"end":{"line":348,"column":3}},"locations":[{"start":{"line":344,"column":2},"end":{"line":348,"column":3}}]},"90":{"type":"branch","line":346,"loc":{"start":{"line":346,"column":21},"end":{"line":346,"column":48}},"locations":[{"start":{"line":346,"column":21},"end":{"line":346,"column":48}}]},"91":{"type":"branch","line":346,"loc":{"start":{"line":346,"column":43},"end":{"line":346,"column":65}},"locations":[{"start":{"line":346,"column":43},"end":{"line":346,"column":65}}]},"92":{"type":"branch","line":347,"loc":{"start":{"line":347,"column":12},"end":{"line":347,"column":58}},"locations":[{"start":{"line":347,"column":12},"end":{"line":347,"column":58}}]},"93":{"type":"branch","line":348,"loc":{"start":{"line":348,"column":2},"end":{"line":350,"column":1}},"locations":[{"start":{"line":348,"column":2},"end":{"line":350,"column":1}}]},"94":{"type":"branch","line":352,"loc":{"start":{"line":352,"column":0},"end":{"line":368,"column":1}},"locations":[{"start":{"line":352,"column":0},"end":{"line":368,"column":1}}]},"95":{"type":"branch","line":356,"loc":{"start":{"line":356,"column":34},"end":{"line":359,"column":3}},"locations":[{"start":{"line":356,"column":34},"end":{"line":359,"column":3}}]},"96":{"type":"branch","line":357,"loc":{"start":{"line":357,"column":21},"end":{"line":357,"column":45}},"locations":[{"start":{"line":357,"column":21},"end":{"line":357,"column":45}}]},"97":{"type":"branch","line":357,"loc":{"start":{"line":357,"column":40},"end":{"line":357,"column":59}},"locations":[{"start":{"line":357,"column":40},"end":{"line":357,"column":59}}]},"98":{"type":"branch","line":358,"loc":{"start":{"line":358,"column":11},"end":{"line":358,"column":43}},"locations":[{"start":{"line":358,"column":11},"end":{"line":358,"column":43}}]},"99":{"type":"branch","line":359,"loc":{"start":{"line":359,"column":2},"end":{"line":360,"column":37}},"locations":[{"start":{"line":359,"column":2},"end":{"line":360,"column":37}}]},"100":{"type":"branch","line":360,"loc":{"start":{"line":360,"column":37},"end":{"line":362,"column":3}},"locations":[{"start":{"line":360,"column":37},"end":{"line":362,"column":3}}]},"101":{"type":"branch","line":362,"loc":{"start":{"line":362,"column":2},"end":{"line":365,"column":3}},"locations":[{"start":{"line":362,"column":2},"end":{"line":365,"column":3}}]},"102":{"type":"branch","line":365,"loc":{"start":{"line":365,"column":2},"end":{"line":368,"column":1}},"locations":[{"start":{"line":365,"column":2},"end":{"line":368,"column":1}}]},"103":{"type":"branch","line":370,"loc":{"start":{"line":370,"column":7},"end":{"line":372,"column":1}},"locations":[{"start":{"line":370,"column":7},"end":{"line":372,"column":1}}]},"104":{"type":"branch","line":374,"loc":{"start":{"line":374,"column":0},"end":{"line":382,"column":1}},"locations":[{"start":{"line":374,"column":0},"end":{"line":382,"column":1}}]},"105":{"type":"branch","line":378,"loc":{"start":{"line":378,"column":7},"end":{"line":378,"column":26}},"locations":[{"start":{"line":378,"column":7},"end":{"line":378,"column":26}}]},"106":{"type":"branch","line":378,"loc":{"start":{"line":378,"column":26},"end":{"line":378,"column":35}},"locations":[{"start":{"line":378,"column":26},"end":{"line":378,"column":35}}]},"107":{"type":"branch","line":378,"loc":{"start":{"line":378,"column":33},"end":{"line":379,"column":51}},"locations":[{"start":{"line":378,"column":33},"end":{"line":379,"column":51}}]},"108":{"type":"branch","line":379,"loc":{"start":{"line":379,"column":44},"end":{"line":379,"column":68}},"locations":[{"start":{"line":379,"column":44},"end":{"line":379,"column":68}}]},"109":{"type":"branch","line":379,"loc":{"start":{"line":379,"column":59},"end":{"line":381,"column":19}},"locations":[{"start":{"line":379,"column":59},"end":{"line":381,"column":19}}]},"110":{"type":"branch","line":381,"loc":{"start":{"line":381,"column":10},"end":{"line":381,"column":56}},"locations":[{"start":{"line":381,"column":10},"end":{"line":381,"column":56}}]},"111":{"type":"branch","line":381,"loc":{"start":{"line":381,"column":40},"end":{"line":381,"column":84}},"locations":[{"start":{"line":381,"column":40},"end":{"line":381,"column":84}}]},"112":{"type":"branch","line":381,"loc":{"start":{"line":381,"column":73},"end":{"line":381,"column":86}},"locations":[{"start":{"line":381,"column":73},"end":{"line":381,"column":86}}]},"113":{"type":"branch","line":384,"loc":{"start":{"line":384,"column":0},"end":{"line":453,"column":1}},"locations":[{"start":{"line":384,"column":0},"end":{"line":453,"column":1}}]},"114":{"type":"branch","line":392,"loc":{"start":{"line":392,"column":4},"end":{"line":392,"column":103}},"locations":[{"start":{"line":392,"column":4},"end":{"line":392,"column":103}}]},"115":{"type":"branch","line":393,"loc":{"start":{"line":393,"column":4},"end":{"line":393,"column":104}},"locations":[{"start":{"line":393,"column":4},"end":{"line":393,"column":104}}]},"116":{"type":"branch","line":394,"loc":{"start":{"line":394,"column":4},"end":{"line":394,"column":84}},"locations":[{"start":{"line":394,"column":4},"end":{"line":394,"column":84}}]},"117":{"type":"branch","line":395,"loc":{"start":{"line":395,"column":4},"end":{"line":395,"column":85}},"locations":[{"start":{"line":395,"column":4},"end":{"line":395,"column":85}}]},"118":{"type":"branch","line":396,"loc":{"start":{"line":396,"column":4},"end":{"line":396,"column":84}},"locations":[{"start":{"line":396,"column":4},"end":{"line":396,"column":84}}]},"119":{"type":"branch","line":397,"loc":{"start":{"line":397,"column":4},"end":{"line":397,"column":85}},"locations":[{"start":{"line":397,"column":4},"end":{"line":397,"column":85}}]},"120":{"type":"branch","line":398,"loc":{"start":{"line":398,"column":4},"end":{"line":398,"column":93}},"locations":[{"start":{"line":398,"column":4},"end":{"line":398,"column":93}}]},"121":{"type":"branch","line":399,"loc":{"start":{"line":399,"column":4},"end":{"line":399,"column":101}},"locations":[{"start":{"line":399,"column":4},"end":{"line":399,"column":101}}]},"122":{"type":"branch","line":400,"loc":{"start":{"line":400,"column":4},"end":{"line":400,"column":44}},"locations":[{"start":{"line":400,"column":4},"end":{"line":400,"column":44}}]},"123":{"type":"branch","line":401,"loc":{"start":{"line":401,"column":4},"end":{"line":418,"column":5}},"locations":[{"start":{"line":401,"column":4},"end":{"line":418,"column":5}}]},"124":{"type":"branch","line":403,"loc":{"start":{"line":403,"column":47},"end":{"line":415,"column":7}},"locations":[{"start":{"line":403,"column":47},"end":{"line":415,"column":7}}]},"125":{"type":"branch","line":404,"loc":{"start":{"line":404,"column":51},"end":{"line":404,"column":69}},"locations":[{"start":{"line":404,"column":51},"end":{"line":404,"column":69}}]},"126":{"type":"branch","line":407,"loc":{"start":{"line":407,"column":52},"end":{"line":410,"column":15}},"locations":[{"start":{"line":407,"column":52},"end":{"line":410,"column":15}}]},"127":{"type":"branch","line":410,"loc":{"start":{"line":410,"column":8},"end":{"line":413,"column":9}},"locations":[{"start":{"line":410,"column":8},"end":{"line":413,"column":9}}]},"128":{"type":"branch","line":415,"loc":{"start":{"line":415,"column":6},"end":{"line":418,"column":5}},"locations":[{"start":{"line":415,"column":6},"end":{"line":418,"column":5}}]},"129":{"type":"branch","line":419,"loc":{"start":{"line":419,"column":4},"end":{"line":422,"column":5}},"locations":[{"start":{"line":419,"column":4},"end":{"line":422,"column":5}}]},"130":{"type":"branch","line":423,"loc":{"start":{"line":423,"column":4},"end":{"line":426,"column":5}},"locations":[{"start":{"line":423,"column":4},"end":{"line":426,"column":5}}]},"131":{"type":"branch","line":427,"loc":{"start":{"line":427,"column":4},"end":{"line":436,"column":5}},"locations":[{"start":{"line":427,"column":4},"end":{"line":436,"column":5}}]},"132":{"type":"branch","line":429,"loc":{"start":{"line":429,"column":43},"end":{"line":433,"column":7}},"locations":[{"start":{"line":429,"column":43},"end":{"line":433,"column":7}}]},"133":{"type":"branch","line":433,"loc":{"start":{"line":433,"column":6},"end":{"line":436,"column":5}},"locations":[{"start":{"line":433,"column":6},"end":{"line":436,"column":5}}]},"134":{"type":"branch","line":437,"loc":{"start":{"line":437,"column":4},"end":{"line":440,"column":5}},"locations":[{"start":{"line":437,"column":4},"end":{"line":440,"column":5}}]},"135":{"type":"branch","line":438,"loc":{"start":{"line":438,"column":30},"end":{"line":440,"column":5}},"locations":[{"start":{"line":438,"column":30},"end":{"line":440,"column":5}}]},"136":{"type":"branch","line":441,"loc":{"start":{"line":441,"column":4},"end":{"line":444,"column":5}},"locations":[{"start":{"line":441,"column":4},"end":{"line":444,"column":5}}]},"137":{"type":"branch","line":445,"loc":{"start":{"line":445,"column":4},"end":{"line":449,"column":5}},"locations":[{"start":{"line":445,"column":4},"end":{"line":449,"column":5}}]},"138":{"type":"branch","line":446,"loc":{"start":{"line":446,"column":30},"end":{"line":446,"column":42}},"locations":[{"start":{"line":446,"column":30},"end":{"line":446,"column":42}}]},"139":{"type":"branch","line":448,"loc":{"start":{"line":448,"column":57},"end":{"line":448,"column":75}},"locations":[{"start":{"line":448,"column":57},"end":{"line":448,"column":75}}]},"140":{"type":"branch","line":448,"loc":{"start":{"line":448,"column":66},"end":{"line":448,"column":83}},"locations":[{"start":{"line":448,"column":66},"end":{"line":448,"column":83}}]},"141":{"type":"branch","line":450,"loc":{"start":{"line":450,"column":4},"end":{"line":451,"column":18}},"locations":[{"start":{"line":450,"column":4},"end":{"line":451,"column":18}}]},"142":{"type":"branch","line":463,"loc":{"start":{"line":463,"column":7},"end":{"line":476,"column":1}},"locations":[{"start":{"line":463,"column":7},"end":{"line":476,"column":1}}]},"143":{"type":"branch","line":475,"loc":{"start":{"line":475,"column":30},"end":{"line":475,"column":60}},"locations":[{"start":{"line":475,"column":30},"end":{"line":475,"column":60}}]},"144":{"type":"branch","line":475,"loc":{"start":{"line":475,"column":56},"end":{"line":475,"column":79}},"locations":[{"start":{"line":475,"column":56},"end":{"line":475,"column":79}}]},"145":{"type":"branch","line":468,"loc":{"start":{"line":468,"column":38},"end":{"line":473,"column":3}},"locations":[{"start":{"line":468,"column":38},"end":{"line":473,"column":3}}]},"146":{"type":"branch","line":469,"loc":{"start":{"line":469,"column":33},"end":{"line":471,"column":5}},"locations":[{"start":{"line":469,"column":33},"end":{"line":471,"column":5}}]},"147":{"type":"branch","line":471,"loc":{"start":{"line":471,"column":4},"end":{"line":472,"column":61}},"locations":[{"start":{"line":471,"column":4},"end":{"line":472,"column":61}}]},"148":{"type":"branch","line":482,"loc":{"start":{"line":482,"column":7},"end":{"line":507,"column":1}},"locations":[{"start":{"line":482,"column":7},"end":{"line":507,"column":1}}]},"149":{"type":"branch","line":490,"loc":{"start":{"line":490,"column":6},"end":{"line":490,"column":52}},"locations":[{"start":{"line":490,"column":6},"end":{"line":490,"column":52}}]},"150":{"type":"branch","line":490,"loc":{"start":{"line":490,"column":52},"end":{"line":504,"column":3}},"locations":[{"start":{"line":490,"column":52},"end":{"line":504,"column":3}}]}},"b":{"0":[46],"1":[2],"2":[8],"3":[16],"4":[2],"5":[17],"6":[14],"7":[7],"8":[3],"9":[3],"10":[64],"11":[6],"12":[58],"13":[45],"14":[13],"15":[80],"16":[10],"17":[1],"18":[9],"19":[1],"20":[8],"21":[20],"22":[1],"23":[5],"24":[4],"25":[9],"26":[1],"27":[8],"28":[1],"29":[8],"30":[12],"31":[10],"32":[4],"33":[6],"34":[0],"35":[0],"36":[0],"37":[10],"38":[8],"39":[2],"40":[4],"41":[5],"42":[4],"43":[11],"44":[11],"45":[11],"46":[1],"47":[10],"48":[2],"49":[0],"50":[1],"51":[8],"52":[2],"53":[6],"54":[3],"55":[3],"56":[2],"57":[1],"58":[2],"59":[1],"60":[0],"61":[2],"62":[2],"63":[0],"64":[1],"65":[0],"66":[0],"67":[1],"68":[0],"69":[1],"70":[1],"71":[0],"72":[0],"73":[1],"74":[18],"75":[4],"76":[3],"77":[2],"78":[0],"79":[14],"80":[14],"81":[7],"82":[12],"83":[2],"84":[7],"85":[2],"86":[5],"87":[8],"88":[6],"89":[2],"90":[1],"91":[1],"92":[1],"93":[0],"94":[31],"95":[3],"96":[1],"97":[2],"98":[1],"99":[28],"100":[1],"101":[27],"102":[0],"103":[69],"104":[5],"105":[4],"106":[1],"107":[4],"108":[1],"109":[3],"110":[2],"111":[1],"112":[0],"113":[47],"114":[14],"115":[1],"116":[3],"117":[1],"118":[1],"119":[1],"120":[3],"121":[1],"122":[1],"123":[6],"124":[4],"125":[0],"126":[3],"127":[1],"128":[2],"129":[2],"130":[1],"131":[5],"132":[4],"133":[1],"134":[2],"135":[1],"136":[0],"137":[5],"138":[0],"139":[4],"140":[1],"141":[0],"142":[43],"143":[40],"144":[3],"145":[51],"146":[4],"147":[47],"148":[3],"149":[1],"150":[0]},"fnMap":{"0":{"name":"eq","decl":{"start":{"line":52,"column":7},"end":{"line":54,"column":1}},"loc":{"start":{"line":52,"column":7},"end":{"line":54,"column":1}},"line":52},"1":{"name":"neq","decl":{"start":{"line":56,"column":7},"end":{"line":58,"column":1}},"loc":{"start":{"line":56,"column":7},"end":{"line":58,"column":1}},"line":56},"2":{"name":"gt","decl":{"start":{"line":60,"column":7},"end":{"line":62,"column":1}},"loc":{"start":{"line":60,"column":7},"end":{"line":62,"column":1}},"line":60},"3":{"name":"gte","decl":{"start":{"line":64,"column":7},"end":{"line":66,"column":1}},"loc":{"start":{"line":64,"column":7},"end":{"line":66,"column":1}},"line":64},"4":{"name":"lt","decl":{"start":{"line":68,"column":7},"end":{"line":70,"column":1}},"loc":{"start":{"line":68,"column":7},"end":{"line":70,"column":1}},"line":68},"5":{"name":"lte","decl":{"start":{"line":72,"column":7},"end":{"line":74,"column":1}},"loc":{"start":{"line":72,"column":7},"end":{"line":74,"column":1}},"line":72},"6":{"name":"between","decl":{"start":{"line":76,"column":7},"end":{"line":79,"column":1}},"loc":{"start":{"line":76,"column":7},"end":{"line":79,"column":1}},"line":76},"7":{"name":"like","decl":{"start":{"line":86,"column":7},"end":{"line":88,"column":1}},"loc":{"start":{"line":86,"column":7},"end":{"line":88,"column":1}},"line":86},"8":{"name":"inList","decl":{"start":{"line":91,"column":7},"end":{"line":93,"column":1}},"loc":{"start":{"line":91,"column":7},"end":{"line":93,"column":1}},"line":91},"9":{"name":"isNull","decl":{"start":{"line":95,"column":7},"end":{"line":97,"column":1}},"loc":{"start":{"line":95,"column":7},"end":{"line":97,"column":1}},"line":95},"10":{"name":"and","decl":{"start":{"line":107,"column":7},"end":{"line":112,"column":1}},"loc":{"start":{"line":107,"column":7},"end":{"line":112,"column":1}},"line":107},"11":{"name":"or","decl":{"start":{"line":118,"column":7},"end":{"line":123,"column":1}},"loc":{"start":{"line":118,"column":7},"end":{"line":123,"column":1}},"line":118},"12":{"name":"not","decl":{"start":{"line":125,"column":7},"end":{"line":127,"column":1}},"loc":{"start":{"line":125,"column":7},"end":{"line":127,"column":1}},"line":125},"13":{"name":"tAfter","decl":{"start":{"line":133,"column":7},"end":{"line":135,"column":1}},"loc":{"start":{"line":133,"column":7},"end":{"line":135,"column":1}},"line":133},"14":{"name":"tBefore","decl":{"start":{"line":137,"column":7},"end":{"line":139,"column":1}},"loc":{"start":{"line":137,"column":7},"end":{"line":139,"column":1}},"line":137},"15":{"name":"tDuring","decl":{"start":{"line":141,"column":7},"end":{"line":149,"column":1}},"loc":{"start":{"line":141,"column":7},"end":{"line":149,"column":1}},"line":141},"16":{"name":"sIntersects","decl":{"start":{"line":162,"column":7},"end":{"line":164,"column":1}},"loc":{"start":{"line":162,"column":7},"end":{"line":164,"column":1}},"line":162},"17":{"name":"sWithin","decl":{"start":{"line":167,"column":7},"end":{"line":169,"column":1}},"loc":{"start":{"line":167,"column":7},"end":{"line":169,"column":1}},"line":167},"18":{"name":"convertDistanceForTurf","decl":{"start":{"line":175,"column":0},"end":{"line":183,"column":1}},"loc":{"start":{"line":175,"column":0},"end":{"line":183,"column":1}},"line":175},"19":{"name":"sDwithin","decl":{"start":{"line":190,"column":7},"end":{"line":201,"column":1}},"loc":{"start":{"line":190,"column":7},"end":{"line":201,"column":1}},"line":190},"20":{"name":"fromSimpleFilters","decl":{"start":{"line":212,"column":7},"end":{"line":220,"column":1}},"loc":{"start":{"line":212,"column":7},"end":{"line":220,"column":1}},"line":212},"21":{"name":"fromStructuredFilters","decl":{"start":{"line":227,"column":7},"end":{"line":286,"column":1}},"loc":{"start":{"line":227,"column":7},"end":{"line":286,"column":1}},"line":227},"22":{"name":"serializeCql2","decl":{"start":{"line":289,"column":7},"end":{"line":291,"column":1}},"loc":{"start":{"line":289,"column":7},"end":{"line":291,"column":1}},"line":289},"23":{"name":"resolveOffsetValue","decl":{"start":{"line":305,"column":0},"end":{"line":313,"column":1}},"loc":{"start":{"line":305,"column":0},"end":{"line":313,"column":1}},"line":305},"24":{"name":"resolveRelativeDate","decl":{"start":{"line":320,"column":7},"end":{"line":335,"column":1}},"loc":{"start":{"line":320,"column":7},"end":{"line":335,"column":1}},"line":320},"25":{"name":"resolveDateEndpoint","decl":{"start":{"line":337,"column":0},"end":{"line":350,"column":1}},"loc":{"start":{"line":337,"column":0},"end":{"line":350,"column":1}},"line":337},"26":{"name":"resolveValue","decl":{"start":{"line":352,"column":0},"end":{"line":368,"column":1}},"loc":{"start":{"line":352,"column":0},"end":{"line":368,"column":1}},"line":352},"27":{"name":"isFilterRuleGroup","decl":{"start":{"line":370,"column":7},"end":{"line":372,"column":1}},"loc":{"start":{"line":370,"column":7},"end":{"line":372,"column":1}},"line":370},"28":{"name":"resolveSpatialDistance","decl":{"start":{"line":374,"column":0},"end":{"line":382,"column":1}},"loc":{"start":{"line":374,"column":0},"end":{"line":382,"column":1}},"line":374},"29":{"name":"filterRuleToCql2","decl":{"start":{"line":384,"column":0},"end":{"line":453,"column":1}},"loc":{"start":{"line":384,"column":0},"end":{"line":453,"column":1}},"line":384},"30":{"name":"fromFilterRuleGroup","decl":{"start":{"line":463,"column":7},"end":{"line":476,"column":1}},"loc":{"start":{"line":463,"column":7},"end":{"line":476,"column":1}},"line":463},"31":{"name":"buildCql2Query","decl":{"start":{"line":482,"column":7},"end":{"line":507,"column":1}},"loc":{"start":{"line":482,"column":7},"end":{"line":507,"column":1}},"line":482}},"f":{"0":46,"1":2,"2":8,"3":16,"4":2,"5":17,"6":14,"7":7,"8":3,"9":3,"10":64,"11":10,"12":1,"13":5,"14":4,"15":9,"16":12,"17":0,"18":10,"19":10,"20":4,"21":11,"22":1,"23":18,"24":14,"25":8,"26":31,"27":69,"28":5,"29":47,"30":43,"31":3}}
,"/Users/caesterlein/Projects/ogc-maps/storybook-components/packages/map-ui-lib/src/utils/csvExport.ts": {"path":"/Users/caesterlein/Projects/ogc-maps/storybook-components/packages/map-ui-lib/src/utils/csvExport.ts","all":true,"statementMap":{"0":{"start":{"line":1,"column":0},"end":{"line":1,"column":47}},"10":{"start":{"line":11,"column":0},"end":{"line":11,"column":63}},"11":{"start":{"line":12,"column":0},"end":{"line":12,"column":81}},"12":{"start":{"line":13,"column":0},"end":{"line":13,"column":44}},"13":{"start":{"line":14,"column":0},"end":{"line":14,"column":3}},"14":{"start":{"line":15,"column":0},"end":{"line":15,"column":15}},"15":{"start":{"line":16,"column":0},"end":{"line":16,"column":1}},"17":{"start":{"line":18,"column":0},"end":{"line":18,"column":77}},"18":{"start":{"line":19,"column":0},"end":{"line":19,"column":46}},"19":{"start":{"line":20,"column":0},"end":{"line":20,"column":51}},"20":{"start":{"line":21,"column":0},"end":{"line":21,"column":58}},"21":{"start":{"line":22,"column":0},"end":{"line":22,"column":21}},"22":{"start":{"line":23,"column":0},"end":{"line":23,"column":1}},"24":{"start":{"line":25,"column":0},"end":{"line":25,"column":30}},"25":{"start":{"line":26,"column":0},"end":{"line":26,"column":29}},"26":{"start":{"line":27,"column":0},"end":{"line":27,"column":33}},"27":{"start":{"line":28,"column":0},"end":{"line":28,"column":11}},"28":{"start":{"line":29,"column":0},"end":{"line":29,"column":70}},"30":{"start":{"line":31,"column":0},"end":{"line":31,"column":39}},"32":{"start":{"line":33,"column":0},"end":{"line":33,"column":17}},"33":{"start":{"line":34,"column":0},"end":{"line":34,"column":85}},"35":{"start":{"line":36,"column":0},"end":{"line":36,"column":71}},"37":{"start":{"line":38,"column":0},"end":{"line":38,"column":42}},"38":{"start":{"line":39,"column":0},"end":{"line":39,"column":38}},"39":{"start":{"line":40,"column":0},"end":{"line":40,"column":64}},"40":{"start":{"line":41,"column":0},"end":{"line":41,"column":6}},"41":{"start":{"line":42,"column":0},"end":{"line":42,"column":26}},"42":{"start":{"line":43,"column":0},"end":{"line":43,"column":80}},"43":{"start":{"line":44,"column":0},"end":{"line":44,"column":5}},"44":{"start":{"line":45,"column":0},"end":{"line":45,"column":33}},"45":{"start":{"line":46,"column":0},"end":{"line":46,"column":5}},"47":{"start":{"line":48,"column":0},"end":{"line":48,"column":92}},"48":{"start":{"line":49,"column":0},"end":{"line":49,"column":1}},"50":{"start":{"line":51,"column":0},"end":{"line":51,"column":66}},"51":{"start":{"line":52,"column":0},"end":{"line":52,"column":68}},"52":{"start":{"line":53,"column":0},"end":{"line":53,"column":31}},"53":{"start":{"line":54,"column":0},"end":{"line":54,"column":1}}},"s":{"0":0,"10":0,"11":0,"12":0,"13":0,"14":0,"15":0,"17":0,"18":0,"19":0,"20":0,"21":0,"22":0,"24":0,"25":0,"26":0,"27":0,"28":0,"30":0,"32":0,"33":0,"35":0,"37":0,"38":0,"39":0,"40":0,"41":0,"42":0,"43":0,"44":0,"45":0,"47":0,"48":0,"50":0,"51":0,"52":0,"53":0},"branchMap":{"0":{"type":"branch","line":1,"loc":{"start":{"line":1,"column":0},"end":{"line":54,"column":-11}},"locations":[{"start":{"line":1,"column":0},"end":{"line":54,"column":-11}}]}},"b":{"0":[0]},"fnMap":{"0":{"name":"(empty-report)","decl":{"start":{"line":1,"column":0},"end":{"line":54,"column":-11}},"loc":{"start":{"line":1,"column":0},"end":{"line":54,"column":-11}},"line":1}},"f":{"0":0}}
,"/Users/caesterlein/Projects/ogc-maps/storybook-components/packages/map-ui-lib/src/utils/download.ts": {"path":"/Users/caesterlein/Projects/ogc-maps/storybook-components/packages/map-ui-lib/src/utils/download.ts","all":true,"statementMap":{"0":{"start":{"line":1,"column":0},"end":{"line":1,"column":66}},"1":{"start":{"line":2,"column":0},"end":{"line":2,"column":40}},"2":{"start":{"line":3,"column":0},"end":{"line":3,"column":43}},"3":{"start":{"line":4,"column":0},"end":{"line":4,"column":18}},"4":{"start":{"line":5,"column":0},"end":{"line":5,"column":27}},"5":{"start":{"line":6,"column":0},"end":{"line":6,"column":30}},"6":{"start":{"line":7,"column":0},"end":{"line":7,"column":34}},"7":{"start":{"line":8,"column":0},"end":{"line":8,"column":15}},"8":{"start":{"line":9,"column":0},"end":{"line":9,"column":34}},"9":{"start":{"line":10,"column":0},"end":{"line":10,"column":27}},"10":{"start":{"line":11,"column":0},"end":{"line":11,"column":1}}},"s":{"0":0,"1":0,"2":0,"3":0,"4":0,"5":0,"6":0,"7":0,"8":0,"9":0,"10":0},"branchMap":{"0":{"type":"branch","line":1,"loc":{"start":{"line":1,"column":345},"end":{"line":11,"column":1}},"locations":[{"start":{"line":1,"column":345},"end":{"line":11,"column":1}}]}},"b":{"0":[0]},"fnMap":{"0":{"name":"(empty-report)","decl":{"start":{"line":1,"column":345},"end":{"line":11,"column":1}},"loc":{"start":{"line":1,"column":345},"end":{"line":11,"column":1}},"line":1}},"f":{"0":0}}
,"/Users/caesterlein/Projects/ogc-maps/storybook-components/packages/map-ui-lib/src/utils/exportFormats.ts": {"path":"/Users/caesterlein/Projects/ogc-maps/storybook-components/packages/map-ui-lib/src/utils/exportFormats.ts","all":true,"statementMap":{"2":{"start":{"line":3,"column":0},"end":{"line":3,"column":61}},"3":{"start":{"line":4,"column":0},"end":{"line":4,"column":88}},"4":{"start":{"line":5,"column":0},"end":{"line":5,"column":92}},"5":{"start":{"line":6,"column":0},"end":{"line":6,"column":78}},"6":{"start":{"line":7,"column":0},"end":{"line":7,"column":92}},"7":{"start":{"line":8,"column":0},"end":{"line":8,"column":90}},"8":{"start":{"line":9,"column":0},"end":{"line":9,"column":95}},"9":{"start":{"line":10,"column":0},"end":{"line":10,"column":2}}},"s":{"2":0,"3":0,"4":0,"5":0,"6":0,"7":0,"8":0,"9":0},"branchMap":{"0":{"type":"branch","line":1,"loc":{"start":{"line":1,"column":687},"end":{"line":10,"column":2}},"locations":[{"start":{"line":1,"column":687},"end":{"line":10,"column":2}}]}},"b":{"0":[1]},"fnMap":{"0":{"name":"(empty-report)","decl":{"start":{"line":1,"column":687},"end":{"line":10,"column":2}},"loc":{"start":{"line":1,"column":687},"end":{"line":10,"column":2}},"line":1}},"f":{"0":1}}
,"/Users/caesterlein/Projects/ogc-maps/storybook-components/packages/map-ui-lib/src/utils/expressionColors.ts": {"path":"/Users/caesterlein/Projects/ogc-maps/storybook-components/packages/map-ui-lib/src/utils/expressionColors.ts","all":false,"statementMap":{"3":{"start":{"line":4,"column":0},"end":{"line":4,"column":66}},"4":{"start":{"line":5,"column":0},"end":{"line":5,"column":30}},"5":{"start":{"line":6,"column":0},"end":{"line":6,"column":1}},"8":{"start":{"line":9,"column":0},"end":{"line":9,"column":81}},"9":{"start":{"line":10,"column":0},"end":{"line":10,"column":42}},"10":{"start":{"line":11,"column":0},"end":{"line":11,"column":54}},"11":{"start":{"line":12,"column":0},"end":{"line":12,"column":14}},"12":{"start":{"line":13,"column":0},"end":{"line":13,"column":1}},"15":{"start":{"line":16,"column":0},"end":{"line":16,"column":61}},"16":{"start":{"line":17,"column":0},"end":{"line":17,"column":28}},"18":{"start":{"line":19,"column":0},"end":{"line":19,"column":32}},"19":{"start":{"line":20,"column":0},"end":{"line":20,"column":46}},"20":{"start":{"line":21,"column":0},"end":{"line":21,"column":70}},"21":{"start":{"line":22,"column":0},"end":{"line":22,"column":5}},"22":{"start":{"line":23,"column":0},"end":{"line":23,"column":43}},"23":{"start":{"line":24,"column":0},"end":{"line":24,"column":60}},"24":{"start":{"line":25,"column":0},"end":{"line":25,"column":18}},"25":{"start":{"line":26,"column":0},"end":{"line":26,"column":3}},"26":{"start":{"line":27,"column":0},"end":{"line":27,"column":34}},"28":{"start":{"line":29,"column":0},"end":{"line":29,"column":32}},"29":{"start":{"line":30,"column":0},"end":{"line":30,"column":46}},"30":{"start":{"line":31,"column":0},"end":{"line":31,"column":70}},"31":{"start":{"line":32,"column":0},"end":{"line":32,"column":5}},"32":{"start":{"line":33,"column":0},"end":{"line":33,"column":18}},"33":{"start":{"line":34,"column":0},"end":{"line":34,"column":3}},"34":{"start":{"line":35,"column":0},"end":{"line":35,"column":12}},"35":{"start":{"line":36,"column":0},"end":{"line":36,"column":1}},"43":{"start":{"line":44,"column":0},"end":{"line":44,"column":76}},"44":{"start":{"line":45,"column":0},"end":{"line":45,"column":28}},"46":{"start":{"line":47,"column":0},"end":{"line":47,"column":47}},"47":{"start":{"line":48,"column":0},"end":{"line":48,"column":50}},"48":{"start":{"line":49,"column":0},"end":{"line":49,"column":36}},"49":{"start":{"line":50,"column":0},"end":{"line":50,"column":32}},"50":{"start":{"line":51,"column":0},"end":{"line":51,"column":38}},"51":{"start":{"line":52,"column":0},"end":{"line":52,"column":39}},"52":{"start":{"line":53,"column":0},"end":{"line":53,"column":7}},"53":{"start":{"line":54,"column":0},"end":{"line":54,"column":5}},"54":{"start":{"line":55,"column":0},"end":{"line":55,"column":43}},"55":{"start":{"line":56,"column":0},"end":{"line":56,"column":39}},"56":{"start":{"line":57,"column":0},"end":{"line":57,"column":56}},"57":{"start":{"line":58,"column":0},"end":{"line":58,"column":5}},"58":{"start":{"line":59,"column":0},"end":{"line":59,"column":19}},"59":{"start":{"line":60,"column":0},"end":{"line":60,"column":3}},"60":{"start":{"line":61,"column":0},"end":{"line":61,"column":34}},"62":{"start":{"line":63,"column":0},"end":{"line":63,"column":47}},"63":{"start":{"line":64,"column":0},"end":{"line":64,"column":46}},"64":{"start":{"line":65,"column":0},"end":{"line":65,"column":36}},"65":{"start":{"line":66,"column":0},"end":{"line":66,"column":32}},"66":{"start":{"line":67,"column":0},"end":{"line":67,"column":38}},"67":{"start":{"line":68,"column":0},"end":{"line":68,"column":39}},"68":{"start":{"line":69,"column":0},"end":{"line":69,"column":7}},"69":{"start":{"line":70,"column":0},"end":{"line":70,"column":5}},"70":{"start":{"line":71,"column":0},"end":{"line":71,"column":19}},"71":{"start":{"line":72,"column":0},"end":{"line":72,"column":3}},"72":{"start":{"line":73,"column":0},"end":{"line":73,"column":12}},"73":{"start":{"line":74,"column":0},"end":{"line":74,"column":1}},"76":{"start":{"line":77,"column":0},"end":{"line":77,"column":72}},"79":{"start":{"line":80,"column":0},"end":{"line":80,"column":93}},"80":{"start":{"line":81,"column":0},"end":{"line":81,"column":31}},"81":{"start":{"line":82,"column":0},"end":{"line":82,"column":82}},"82":{"start":{"line":83,"column":0},"end":{"line":83,"column":93}},"83":{"start":{"line":84,"column":0},"end":{"line":84,"column":47}},"84":{"start":{"line":85,"column":0},"end":{"line":85,"column":5}},"85":{"start":{"line":86,"column":0},"end":{"line":86,"column":3}},"86":{"start":{"line":87,"column":0},"end":{"line":87,"column":14}},"87":{"start":{"line":88,"column":0},"end":{"line":88,"column":1}},"90":{"start":{"line":91,"column":0},"end":{"line":91,"column":73}},"91":{"start":{"line":92,"column":0},"end":{"line":92,"column":23}},"92":{"start":{"line":93,"column":0},"end":{"line":93,"column":16}},"93":{"start":{"line":94,"column":0},"end":{"line":94,"column":52}},"94":{"start":{"line":95,"column":0},"end":{"line":95,"column":16}},"95":{"start":{"line":96,"column":0},"end":{"line":96,"column":52}},"96":{"start":{"line":97,"column":0},"end":{"line":97,"column":18}},"97":{"start":{"line":98,"column":0},"end":{"line":98,"column":54}},"98":{"start":{"line":99,"column":0},"end":{"line":99,"column":18}},"99":{"start":{"line":100,"column":0},"end":{"line":100,"column":81}},"100":{"start":{"line":101,"column":0},"end":{"line":101,"column":3}},"101":{"start":{"line":102,"column":0},"end":{"line":102,"column":1}},"104":{"start":{"line":105,"column":0},"end":{"line":105,"column":88}},"105":{"start":{"line":106,"column":0},"end":{"line":106,"column":23}},"106":{"start":{"line":107,"column":0},"end":{"line":107,"column":16}},"107":{"start":{"line":108,"column":0},"end":{"line":108,"column":22}},"108":{"start":{"line":109,"column":0},"end":{"line":109,"column":16}},"109":{"start":{"line":110,"column":0},"end":{"line":110,"column":20}},"110":{"start":{"line":111,"column":0},"end":{"line":111,"column":18}},"111":{"start":{"line":112,"column":0},"end":{"line":112,"column":18}},"112":{"start":{"line":113,"column":0},"end":{"line":113,"column":22}},"113":{"start":{"line":114,"column":0},"end":{"line":114,"column":3}},"114":{"start":{"line":115,"column":0},"end":{"line":115,"column":1}}},"s":{"3":1,"4":4,"5":4,"8":1,"9":4,"10":4,"11":2,"12":2,"15":1,"16":5,"18":2,"19":2,"20":3,"21":3,"22":2,"23":2,"24":2,"25":2,"26":5,"28":1,"29":1,"30":2,"31":2,"32":1,"33":1,"34":2,"35":2,"43":1,"44":6,"46":3,"47":3,"48":5,"49":5,"50":5,"51":5,"52":5,"53":5,"54":3,"55":3,"56":3,"57":3,"58":3,"59":3,"60":6,"62":1,"63":1,"64":3,"65":3,"66":3,"67":3,"68":3,"69":3,"70":1,"71":1,"72":2,"73":2,"76":1,"79":6,"80":6,"81":3,"82":3,"83":0,"84":0,"85":3,"86":4,"87":4,"90":1,"91":7,"92":7,"93":2,"94":7,"95":1,"96":7,"97":1,"98":7,"99":3,"100":7,"101":7,"104":1,"105":4,"106":4,"107":1,"108":4,"109":1,"110":4,"111":4,"112":2,"113":4,"114":4},"branchMap":{"0":{"type":"branch","line":4,"loc":{"start":{"line":4,"column":7},"end":{"line":6,"column":1}},"locations":[{"start":{"line":4,"column":7},"end":{"line":6,"column":1}}]},"1":{"type":"branch","line":9,"loc":{"start":{"line":9,"column":7},"end":{"line":13,"column":1}},"locations":[{"start":{"line":9,"column":7},"end":{"line":13,"column":1}}]},"2":{"type":"branch","line":10,"loc":{"start":{"line":10,"column":27},"end":{"line":10,"column":42}},"locations":[{"start":{"line":10,"column":27},"end":{"line":10,"column":42}}]},"3":{"type":"branch","line":10,"loc":{"start":{"line":10,"column":34},"end":{"line":11,"column":40}},"locations":[{"start":{"line":10,"column":34},"end":{"line":11,"column":40}}]},"4":{"type":"branch","line":11,"loc":{"start":{"line":11,"column":33},"end":{"line":11,"column":54}},"locations":[{"start":{"line":11,"column":33},"end":{"line":11,"column":54}}]},"5":{"type":"branch","line":11,"loc":{"start":{"line":11,"column":40},"end":{"line":13,"column":1}},"locations":[{"start":{"line":11,"column":40},"end":{"line":13,"column":1}}]},"6":{"type":"branch","line":16,"loc":{"start":{"line":16,"column":7},"end":{"line":36,"column":1}},"locations":[{"start":{"line":16,"column":7},"end":{"line":36,"column":1}}]},"7":{"type":"branch","line":17,"loc":{"start":{"line":17,"column":27},"end":{"line":26,"column":3}},"locations":[{"start":{"line":17,"column":27},"end":{"line":26,"column":3}}]},"8":{"type":"branch","line":20,"loc":{"start":{"line":20,"column":45},"end":{"line":22,"column":5}},"locations":[{"start":{"line":20,"column":45},"end":{"line":22,"column":5}}]},"9":{"type":"branch","line":26,"loc":{"start":{"line":26,"column":2},"end":{"line":27,"column":33}},"locations":[{"start":{"line":26,"column":2},"end":{"line":27,"column":33}}]},"10":{"type":"branch","line":27,"loc":{"start":{"line":27,"column":33},"end":{"line":34,"column":3}},"locations":[{"start":{"line":27,"column":33},"end":{"line":34,"column":3}}]},"11":{"type":"branch","line":30,"loc":{"start":{"line":30,"column":45},"end":{"line":32,"column":5}},"locations":[{"start":{"line":30,"column":45},"end":{"line":32,"column":5}}]},"12":{"type":"branch","line":34,"loc":{"start":{"line":34,"column":2},"end":{"line":36,"column":1}},"locations":[{"start":{"line":34,"column":2},"end":{"line":36,"column":1}}]},"13":{"type":"branch","line":44,"loc":{"start":{"line":44,"column":7},"end":{"line":74,"column":1}},"locations":[{"start":{"line":44,"column":7},"end":{"line":74,"column":1}}]},"14":{"type":"branch","line":45,"loc":{"start":{"line":45,"column":27},"end":{"line":61,"column":33}},"locations":[{"start":{"line":45,"column":27},"e
[...]
column":26}},"locations":[{"start":{"line":113,"column":10},"end":{"line":113,"column":26}}]},"3":{"type":"branch","line":113,"loc":{"start":{"line":113,"column":26},"end":{"line":115,"column":5}},"locations":[{"start":{"line":113,"column":26},"end":{"line":115,"column":5}}]},"4":{"type":"branch","line":125,"loc":{"start":{"line":125,"column":7},"end":{"line":160,"column":1}},"locations":[{"start":{"line":125,"column":7},"end":{"line":160,"column":1}}]},"5":{"type":"branch","line":127,"loc":{"start":{"line":127,"column":29},"end":{"line":132,"column":3}},"locations":[{"start":{"line":127,"column":29},"end":{"line":132,"column":3}}]},"6":{"type":"branch","line":129,"loc":{"start":{"line":129,"column":35},"end":{"line":129,"column":59}},"locations":[{"start":{"line":129,"column":35},"end":{"line":129,"column":59}}]},"7":{"type":"branch","line":129,"loc":{"start":{"line":129,"column":57},"end":{"line":131,"column":60}},"locations":[{"start":{"line":129,"column":57},"end":{"line":131,"column":60}}]},"8":{"type":"branch","line":130,"loc":{"start":{"line":130,"column":43},"end":{"line":130,"column":64}},"locations":[{"start":{"line":130,"column":43},"end":{"line":130,"column":64}}]},"9":{"type":"branch","line":130,"loc":{"start":{"line":130,"column":62},"end":{"line":131,"column":60}},"locations":[{"start":{"line":130,"column":62},"end":{"line":131,"column":60}}]},"10":{"type":"branch","line":131,"loc":{"start":{"line":131,"column":38},"end":{"line":131,"column":60}},"locations":[{"start":{"line":131,"column":38},"end":{"line":131,"column":60}}]},"11":{"type":"branch","line":137,"loc":{"start":{"line":137,"column":31},"end":{"line":143,"column":3}},"locations":[{"start":{"line":137,"column":31},"end":{"line":143,"column":3}}]},"12":{"type":"branch","line":141,"loc":{"start":{"line":141,"column":10},"end":{"line":141,"column":74}},"locations":[{"start":{"line":141,"column":10},"end":{"line":141,"column":74}}]},"13":{"type":"branch","line":141,"loc":{"start":{"line":141,"column":70},"end":{"line":141,"column":78}},"locations":[{"start":{"line":141,"column":70},"end":{"line":141,"column":78}}]},"14":{"type":"branch","line":144,"loc":{"start":{"line":144,"column":28},"end":{"line":150,"column":3}},"locations":[{"start":{"line":144,"column":28},"end":{"line":150,"column":3}}]},"15":{"type":"branch","line":148,"loc":{"start":{"line":148,"column":10},"end":{"line":148,"column":80}},"locations":[{"start":{"line":148,"column":10},"end":{"line":148,"column":80}}]},"16":{"type":"branch","line":148,"loc":{"start":{"line":148,"column":76},"end":{"line":148,"column":84}},"locations":[{"start":{"line":148,"column":76},"end":{"line":148,"column":84}}]},"17":{"type":"branch","line":151,"loc":{"start":{"line":151,"column":29},"end":{"line":157,"column":3}},"locations":[{"start":{"line":151,"column":29},"end":{"line":157,"column":3}}]},"18":{"type":"branch","line":155,"loc":{"start":{"line":155,"column":10},"end":{"line":155,"column":70}},"locations":[{"start":{"line":155,"column":10},"end":{"line":155,"column":70}}]},"19":{"type":"branch","line":155,"loc":{"start":{"line":155,"column":66},"end":{"line":155,"column":74}},"locations":[{"start":{"line":155,"column":66},"end":{"line":155,"column":74}}]}},"b":{"0":[3],"1":[6],"2":[4],"3":[4],"4":[7],"5":[10],"6":[4],"7":[6],"8":[2],"9":[4],"10":[3],"11":[3],"12":[2],"13":[1],"14":[2],"15":[1],"16":[1],"17":[3],"18":[2],"19":[1]},"fnMap":{"0":{"name":"isGeometryProperty","decl":{"start":{"line":8,"column":7},"end":{"line":10,"column":1}},"loc":{"start":{"line":8,"column":7},"end":{"line":10,"column":1}},"line":8},"1":{"name":"extractGeometryType","decl":{"start":{"line":16,"column":7},"end":{"line":19,"column":1}},"loc":{"start":{"line":16,"column":7},"end":{"line":19,"column":1}},"line":16},"2":{"name":"geometryTypeToStyleType","decl":{"start":{"line":26,"column":7},"end":{"line":32,"column":1}},"loc":{"start":{"line":26,"column":7},"end":{"line":32,"column":1}},"line":26},"3":{"name":"geometryTypeToStyleTypes","decl":{"start":{"line":39,"column":7},"end":{"line":45,"column":1}},"loc":{"start":{"line":39,"column":7},"end":{"line":45,"column":1}},"line":39},"4":{"name":"detectGeometryTypeFromQueryables","decl":{"start":{"line":51,"column":7},"end":{"line":61,"column":1}},"loc":{"start":{"line":51,"column":7},"end":{"line":61,"column":1}},"line":51},"5":{"name":"detectGeometryStyleTypesFromQueryables","decl":{"start":{"line":67,"column":7},"end":{"line":77,"column":1}},"loc":{"start":{"line":67,"column":7},"end":{"line":77,"column":1}},"line":67},"6":{"name":"getGeometryPropertyNames","decl":{"start":{"line":82,"column":7},"end":{"line":86,"column":1}},"loc":{"start":{"line":82,"column":7},"end":{"line":86,"column":1}},"line":82},"7":{"name":"toAvailableProperties","decl":{"start":{"line":91,"column":7},"end":{"line":103,"column":1}},"loc":{"start":{"line":91,"column":7},"end":{"line":103,"column":1}},"line":91},"8":{"name":"detectGeometryTypesFromFeatures","decl":{"start":{"line":108,"column":7},"end":{"line":118,"column":1}},"loc":{"start":{"line":108,"column":7},"end":{"line":118,"column":1}},"line":108},"9":{"name":"buildDefaultStylesForGeometryTypes","decl":{"start":{"line":125,"column":7},"end":{"line":160,"column":1}},"loc":{"start":{"line":125,"column":7},"end":{"line":160,"column":1}},"line":125},"10":{"name":"detectStyleTypeForCollection","decl":{"start":{"line":167,"column":0},"end":{"line":184,"column":1}},"loc":{"start":{"line":167,"column":0},"end":{"line":184,"column":1}},"line":167},"11":{"name":"detectStyleTypesForCollection","decl":{"start":{"line":191,"column":0},"end":{"line":214,"column":1}},"loc":{"start":{"line":191,"column":0},"end":{"line":214,"column":1}},"line":191},"12":{"name":"humanizePropertyName","decl":{"start":{"line":220,"column":7},"end":{"line":225,"column":1}},"loc":{"start":{"line":220,"column":7},"end":{"line":225,"column":1}},"line":220}},"f":{"0":0,"1":0,"2":0,"3":0,"4":0,"5":0,"6":0,"7":0,"8":3,"9":7,"10":0,"11":0,"12":0}}
,"/Users/caesterlein/Projects/ogc-maps/storybook-components/packages/map-ui-lib/src/utils/selection.ts": {"path":"/Users/caesterlein/Projects/ogc-maps/storybook-components/packages/map-ui-lib/src/utils/selection.ts","all":true,"statementMap":{"12":{"start":{"line":13,"column":0},"end":{"line":13,"column":70}},"13":{"start":{"line":14,"column":0},"end":{"line":14,"column":68}},"14":{"start":{"line":15,"column":0},"end":{"line":15,"column":68}},"15":{"start":{"line":16,"column":0},"end":{"line":16,"column":1}}},"s":{"12":0,"13":0,"14":0,"15":0},"branchMap":{"0":{"type":"branch","line":1,"loc":{"start":{"line":1,"column":589},"end":{"line":16,"column":1}},"locations":[{"start":{"line":1,"column":589},"end":{"line":16,"column":1}}]}},"b":{"0":[1]},"fnMap":{"0":{"name":"(empty-report)","decl":{"start":{"line":1,"column":589},"end":{"line":16,"column":1}},"loc":{"start":{"line":1,"column":589},"end":{"line":16,"column":1}},"line":1}},"f":{"0":1}}
,"/Users/caesterlein/Projects/ogc-maps/storybook-components/packages/map-ui-lib/src/utils/spriteUtils.ts": {"path":"/Users/caesterlein/Projects/ogc-maps/storybook-components/packages/map-ui-lib/src/utils/spriteUtils.ts","all":true,"statementMap":{"9":{"start":{"line":10,"column":0},"end":{"line":10,"column":89}},"10":{"start":{"line":11,"column":0},"end":{"line":11,"column":7}},"11":{"start":{"line":12,"column":0},"end":{"line":12,"column":38}},"12":{"start":{"line":13,"column":0},"end":{"line":13,"column":29}},"13":{"start":{"line":14,"column":0},"end":{"line":14,"column":94}},"14":{"start":{"line":15,"column":0},"end":{"line":15,"column":34}},"16":{"start":{"line":17,"column":0},"end":{"line":17,"column":60}},"17":{"start":{"line":18,"column":0},"end":{"line":18,"column":88}},"18":{"start":{"line":19,"column":0},"end":{"line":19,"column":16}},"19":{"start":{"line":20,"column":0},"end":{"line":20,"column":11}},"20":{"start":{"line":21,"column":0},"end":{"line":21,"column":16}},"21":{"start":{"line":22,"column":0},"end":{"line":22,"column":3}},"22":{"start":{"line":23,"column":0},"end":{"line":23,"column":1}},"28":{"start":{"line":29,"column":0},"end":{"line":29,"column":78}},"29":{"start":{"line":30,"column":0},"end":{"line":30,"column":7}},"30":{"start":{"line":31,"column":0},"end":{"line":31,"column":49}},"31":{"start":{"line":32,"column":0},"end":{"line":32,"column":27}},"32":{"start":{"line":33,"column":0},"end":{"line":33,"column":61}},"33":{"start":{"line":34,"column":0},"end":{"line":34,"column":36}},"34":{"start":{"line":35,"column":0},"end":{"line":35,"column":11}},"35":{"start":{"line":36,"column":0},"end":{"line":36,"column":14}},"36":{"start":{"line":37,"column":0},"end":{"line":37,"column":3}},"37":{"start":{"line":38,"column":0},"end":{"line":38,"column":1}},"43":{"start":{"line":44,"column":0},"end":{"line":44,"column":46}},"44":{"start":{"line":45,"column":0},"end":{"line":45,"column":19}},"45":{"start":{"line":46,"column":0},"end":{"line":46,"column":46}},"46":{"start":{"line":47,"column":0},"end":{"line":47,"column":37}},"47":{"start":{"line":48,"column":0},"end":{"line":48,"column":36}},"48":{"start":{"line":49,"column":0},"end":{"line":49,"column":71}},"49":{"start":{"line":50,"column":0},"end":{"line":50,"column":60}},"50":{"start":{"line":51,"column":0},"end":{"line":51,"column":36}},"52":{"start":{"line":53,"column":0},"end":{"line":53,"column":46}},"53":{"start":{"line":54,"column":0},"end":{"line":54,"column":56}},"54":{"start":{"line":55,"column":0},"end":{"line":55,"column":18}},"55":{"start":{"line":56,"column":0},"end":{"line":56,"column":56}},"56":{"start":{"line":57,"column":0},"end":{"line":57,"column":11}},"57":{"start":{"line":58,"column":0},"end":{"line":58,"column":52}},"58":{"start":{"line":59,"column":0},"end":{"line":59,"column":18}},"59":{"start":{"line":60,"column":0},"end":{"line":60,"column":68}},"60":{"start":{"line":61,"column":0},"end":{"line":61,"column":52}},"61":{"start":{"line":62,"column":0},"end":{"line":62,"column":4}},"62":{"start":{"line":63,"column":0},"end":{"line":63,"column":38}},"63":{"start":{"line":64,"column":0},"end":{"line":64,"column":1}},"69":{"start":{"line":70,"column":0},"end":{"line":70,"column":98}},"70":{"start":{"line":71,"column":0},"end":{"line":71,"column":7}},"71":{"start":{"line":72,"column":0},"end":{"line":72,"column":38}},"72":{"start":{"line":73,"column":0},"end":{"line":73,"column":27}},"73":{"start":{"line":74,"column":0},"end":{"line":74,"column":94}},"74":{"start":{"line":75,"column":0},"end":{"line":75,"column":32}},"75":{"start":{"line":76,"column":0},"end":{"line":76,"column":86}},"76":{"start":{"line":77,"column":0},"end":{"line":77,"column":55}},"77":{"start":{"line":78,"column":0},"end":{"line":78,"column":14}},"78":{"start":{"line":79,"column":0},"end":{"line":79,"column":11}},"79":{"start":{"line":80,"column":0},"end":{"line":80,"column":14}},"80":{"start":{"line":81,"column":0},"end":{"line":81,"column":3}},"81":{"start":{"line":82,"column":0},"end":{"line":82,"column":1}},"87":{"start":{"line":88,"column":0},"end":{"line":88,"column":97}},"88":{"start":{"line":89,"column":0},"end":{"line":89,"column":51}},"89":{"start":{"line":90,"column":0},"end":{"line":90,"column":44}},"90":{"start":{"line":91,"column":0},"end":{"line":91,"column":45}},"91":{"start":{"line":92,"column":0},"end":{"line":92,"column":1}},"98":{"start":{"line":99,"column":0},"end":{"line":99,"column":44}},"99":{"start":{"line":100,"column":0},"end":{"line":100,"column":27}},"100":{"start":{"line":101,"column":0},"end":{"line":101,"column":57}},"101":{"start":{"line":102,"column":0},"end":{"line":102,"column":22}},"102":{"start":{"line":103,"column":0},"end":{"line":103,"column":42}},"104":{"start":{"line":105,"column":0},"end":{"line":105,"column":24}},"105":{"start":{"line":106,"column":0},"end":{"line":106,"column":17}},"106":{"start":{"line":107,"column":0},"end":{"line":107,"column":57}},"107":{"start":{"line":108,"column":0},"end":{"line":108,"column":79}},"108":{"start":{"line":109,"column":0},"end":{"line":109,"column":8}},"109":{"start":{"line":110,"column":0},"end":{"line":110,"column":6}},"110":{"start":{"line":111,"column":0},"end":{"line":111,"column":3}},"112":{"start":{"line":113,"column":0},"end":{"line":113,"column":39}},"113":{"start":{"line":114,"column":0},"end":{"line":114,"column":51}},"114":{"start":{"line":115,"column":0},"end":{"line":115,"column":3}},"116":{"start":{"line":117,"column":0},"end":{"line":117,"column":45}},"117":{"start":{"line":118,"column":0},"end":{"line":118,"column":45}},"118":{"start":{"line":119,"column":0},"end":{"line":119,"column":1}}},"s":{"9":0,"10":0,"11":0,"12":0,"13":0,"14":0,"16":0,"17":0,"18":0,"19":0,"20":0,"21":0,"22":0,"28":0,"29":0,"30":0,"31":0,"32":0,"33":0,"34":0,"35":0,"36":0,"37":0,"43":0,"44":0,"45":0,"46":0,"47":0,"48":0,"49":0,"50":0,"52":0,"53":0,"54":0,"55":0,"56":0,"57":0,"58":0,"59":0,"60":0,"61":0,"62":0,"63":0,"69":0,"70":0,"71":0,"72":0,"73":0,"74":0,"75":0,"76":0,"77":0,"78":0,"79":0,"80":0,"81":0,"87":0,"88":0,"89":0,"90":0,"91":0,"98":0,"99":0,"100":0,"101":0,"102":0,"104":0,"105":0,"106":0,"107":0,"108":0,"109":0,"110":0,"112":0,"113":0,"114":0,"116":0,"117":0,"118":0},"branchMap":{"0":{"type":"branch","line":1,"loc":{"start":{"line":1,"column":4113},"end":{"line":119,"column":1}},"locations":[{"start":{"line":1,"column":4113},"end":{"line":119,"column":1}}]}},"b":{"0":[1]},"fnMap":{"0":{"name":"(empty-report)","decl":{"start":{"line":1,"column":4113},"end":{"line":119,"column":1}},"loc":{"start":{"line":1,"column":4113},"end":{"line":119,"column":1}},"line":1}},"f":{"0":1}}
,"/Users/caesterlein/Projects/ogc-maps/storybook-components/packages/map-ui-lib/src/utils/wkt.ts": {"path":"/Users/caesterlein/Projects/ogc-maps/storybook-components/packages/map-ui-lib/src/utils/wkt.ts","all":false,"statementMap":{"3":{"start":{"line":4,"column":0},"end":{"line":4,"column":43}},"4":{"start":{"line":5,"column":0},"end":{"line":5,"column":35}},"5":{"start":{"line":6,"column":0},"end":{"line":6,"column":1}},"7":{"start":{"line":8,"column":0},"end":{"line":8,"column":40}},"8":{"start":{"line":9,"column":0},"end":{"line":9,"column":41}},"9":{"start":{"line":10,"column":0},"end":{"line":10,"column":1}},"12":{"start":{"line":13,"column":0},"end":{"line":13,"column":61}},"13":{"start":{"line":14,"column":0},"end":{"line":14,"column":45}},"15":{"start":{"line":16,"column":0},"end":{"line":16,"column":26}},"16":{"start":{"line":17,"column":0},"end":{"line":17,"column":17}},"17":{"start":{"line":18,"column":0},"end":{"line":18,"column":59}},"19":{"start":{"line":20,"column":0},"end":{"line":20,"column":22}},"20":{"start":{"line":21,"column":0},"end":{"line":21,"column":109}},"22":{"start":{"line":23,"column":0},"end":{"line":23,"column":22}},"23":{"start":{"line":24,"column":0},"end":{"line":24,"column":63}},"25":{"start":{"line":26,"column":0},"end":{"line":26,"column":27}},"26":{"start":{"line":27,"column":0},"end":{"line":27,"column":112}},"28":{"start":{"line":29,"column":0},"end":{"line":29,"column":19}},"29":{"start":{"line":30,"column":0},"end":{"line":30,"column":104}},"31":{"start":{"line":32,"column":0},"end":{"line":32,"column":24}},"32":{"start":{"line":33,"column":0},"end":{"line":33,"column":149}},"34":{"start":{"line":35,"column":0},"end":{"line":35,"column":30}},"35":{"start":{"line":36,"column":0},"end":{"line":36,"column":111}},"37":{"start":{"line":38,"column":0},"end":{"line":38,"column":12}},"38":{"start":{"line":39,"column":0},"end":{"line":39,"column":16}},"39":{"start":{"line":40,"column":0},"end":{"line":40,"column":3}},"40":{"start":{"line":41,"column":0},"end":{"line":41,"column":1}}},"s":{"3":36,"4":36,"5":36,"7":9,"8":9,"9":9,"12":1,"13":13,"15":11,"16":13,"17":2,"19":13,"20":1,"22":13,"23":2,"25":13,"26":1,"28":13,"29":2,"31":13,"32":1,"34":13,"35":1,"37":13,"38":1,"39":13,"40":13},"branchMap":{"0":{"type":"branch","line":4,"loc":{"start":{"line":4,"column":0},"end":{"line":6,"column":1}},"locations":[{"start":{"line":4,"column":0},"end":{"line":6,"column":1}}]},"1":{"type":"branch","line":8,"loc":{"start":{"line":8,"column":0},"end":{"line":10,"column":1}},"locations":[{"start":{"line":8,"column":0},"end":{"line":10,"column":1}}]},"2":{"type":"branch","line":13,"loc":{"start":{"line":13,"column":7},"end":{"line":41,"column":1}},"locations":[{"start":{"line":13,"column":7},"end":{"line":41,"column":1}}]},"3":{"type":"branch","line":14,"loc":{"start":{"line":14,"column":7},"end":{"line":14,"column":35}},"locations":[{"start":{"line":14,"column":7},"end":{"line":14,"column":35}}]},"4":{"type":"branch","line":14,"loc":{"start":{"line":14,"column":35},"end":{"line":14,"column":45}},"locations":[{"start":{"line":14,"column":35},"end":{"line":14,"column":45}}]},"5":{"type":"branch","line":14,"loc":{"start":{"line":14,"column":42},"end":{"line":16,"column":26}},"locations":[{"start":{"line":14,"column":42},"end":{"line":16,"column":26}}]},"6":{"type":"branch","line":17,"loc":{"start":{"line":17,"column":4},"end":{"line":18,"column":59}},"locations":[{"start":{"line":17,"column":4},"end":{"line":18,"column":59}}]},"7":{"type":"branch","line":20,"loc":{"start":{"line":20,"column":4},"end":{"line":21,"column":109}},"locations":[{"start":{"line":20,"column":4},"end":{"line":21,"column":109}}]},"8":{"type":"branch","line":23,"loc":{"start":{"line":23,"column":4},"end":{"line":24,"column":63}},"locations":[{"start":{"line":23,"column":4},"end":{"line":24,"column":63}}]},"9":{"type":"branch","line":26,"loc":{"start":{"line":26,"column":4},"end":{"line":27,"column":112}},"locations":[{"start":{"line":26,"column":4},"end":{"line":27,"column":112}}]},"10":{"type":"branch","line":29,"loc":{"start":{"line":29,"column":4},"end":{"line":30,"column":104}},"locations":[{"start":{"line":29,"column":4},"end":{"line":30,"column":104}}]},"11":{"type":"branch","line":32,"loc":{"start":{"line":32,"column":4},"end":{"line":33,"column":149}},"locations":[{"start":{"line":32,"column":4},"end":{"line":33,"column":149}}]},"12":{"type":"branch","line":35,"loc":{"start":{"line":35,"column":4},"end":{"line":36,"column":111}},"locations":[{"start":{"line":35,"column":4},"end":{"line":36,"column":111}}]},"13":{"type":"branch","line":38,"loc":{"start":{"line":38,"column":4},"end":{"line":39,"column":16}},"locations":[{"start":{"line":38,"column":4},"end":{"line":39,"column":16}}]},"14":{"type":"branch","line":21,"loc":{"start":{"line":21,"column":66},"end":{"line":21,"column":93}},"locations":[{"start":{"line":21,"column":66},"end":{"line":21,"column":93}}]},"15":{"type":"branch","line":27,"loc":{"start":{"line":27,"column":70},"end":{"line":27,"column":96}},"locations":[{"start":{"line":27,"column":70},"end":{"line":27,"column":96}}]},"16":{"type":"branch","line":30,"loc":{"start":{"line":30,"column":62},"end":{"line":30,"column":88}},"locations":[{"start":{"line":30,"column":62},"end":{"line":30,"column":88}}]},"17":{"type":"branch","line":33,"loc":{"start":{"line":33,"column":69},"end":{"line":33,"column":133}},"locations":[{"start":{"line":33,"column":69},"end":{"line":33,"column":133}}]},"18":{"type":"branch","line":33,"loc":{"start":{"line":33,"column":92},"end":{"line":33,"column":118}},"locations":[{"start":{"line":33,"column":92},"end":{"line":33,"column":118}}]}},"b":{"0":[36],"1":[9],"2":[13],"3":[11],"4":[2],"5":[11],"6":[2],"7":[1],"8":[2],"9":[1],"10":[2],"11":[1],"12":[1],"13":[1],"14":[2],"15":[2],"16":[3],"17":[2],"18":[2]},"fnMap":{"0":{"name":"coordToWkt","decl":{"start":{"line":4,"column":0},"end":{"line":6,"column":1}},"loc":{"start":{"line":4,"column":0},"end":{"line":6,"column":1}},"line":4},"1":{"name":"ringToWkt","decl":{"start":{"line":8,"column":0},"end":{"line":10,"column":1}},"loc":{"start":{"line":8,"column":0},"end":{"line":10,"column":1}},"line":8},"2":{"name":"geojsonGeometryToWkt","decl":{"start":{"line":13,"column":7},"end":{"line":41,"column":1}},"loc":{"start":{"line":13,"column":7},"end":{"line":41,"column":1}},"line":13}},"f":{"0":36,"1":9,"2":13}}
}
